
--- ARRANQUE MOTOR BTDIGG RD ---
BTDigg + RD - opción 1 limpia
Búsqueda: Las vacaciones de Bean
Páginas: 1-10
Modo: 0


Navegador automático página 1 (1/10):
  https://en.btdig.com/search?q=las%20vacaciones%20de%20bean&p=0
  BTDigg Chrome TLS: 10 magnets encontrados

Navegador automático página 2 (2/10):
  https://en.btdig.com/search?q=las%20vacaciones%20de%20bean&p=1
  BTDigg Chrome TLS: 10 magnets encontrados

Navegador automático página 3 (3/10):
  https://en.btdig.com/search?q=las%20vacaciones%20de%20bean&p=2
  BTDigg Chrome TLS: 10 magnets encontrados

Navegador automático página 4 (4/10):
  https://en.btdig.com/search?q=las%20vacaciones%20de%20bean&p=3
  BTDigg Chrome TLS: 10 magnets encontrados

Navegador automático página 5 (5/10):
  https://en.btdig.com/search?q=las%20vacaciones%20de%20bean&p=4
  BTDigg Chrome TLS: 10 magnets encontrados

Navegador automático página 6 (6/10):
  https://en.btdig.com/search?q=las%20vacaciones%20de%20bean&p=5
  BTDigg Chrome TLS: 10 magnets encontrados

Navegador automático página 7 (7/10):
  https://en.btdig.com/search?q=las%20vacaciones%20de%20bean&p=6
  BTDigg Chrome TLS: 10 magnets encontrados

Navegador automático página 8 (8/10):
  https://en.btdig.com/search?q=las%20vacaciones%20de%20bean&p=7
  BTDigg Chrome TLS: 1 magnets encontrados

Navegador automático página 9 (9/10):
  https://en.btdig.com/search?q=las%20vacaciones%20de%20bean&p=8
  BTDigg Chrome TLS: 10 magnets encontrados

Navegador automático página 10 (10/10):
  https://en.btdig.com/search?q=las%20vacaciones%20de%20bean&p=9
  BTDigg Chrome TLS: 10 magnets encontrados

Encontrados 71 resultados brutos. Filtrando...

Aspiradora terminada: 71 resultados únicos encontrados.
Modo sin filtro: no descarto por idioma/calidad y no ordeno por calidad/tamano; solo penalizo basura.
Criba búsqueda seria: 37/71 coinciden en el mismo título/archivo.
Descartados antes de verificar por no coincidir: 34

Comprobando token Real-Debrid...
Token Real-Debrid OK: exmelenas

Consultando Real-Debrid cache/instantáneo...

Aviso: Real-Debrid tiene desactivada instantAvailability.
Paso serio: verifico de verdad con addMagnet los 37 mejores candidatos.
  Verificando 1/37: Las vacaciones de Mr Bean (DVDRip) (EliteTorrent.net)
  Verificando 6/37: Las Vacaciones De Mr.  Bean [DVDRIP][Spansih][2007][www.newpct.com]
  Verificando 33/37: Las.Vacaciones.De.Mr.Bean.CVCD.DVDScreener.[DTL].mpg
  Verificando 35/37: Las.Vacaciones.de.Mr.Bean.DVDSCREENER.Xvid.Spanish.Mp3.[www.btvideoclub.com].avi
  Verificando 30/37: Las.Vacaciones.De.Mr.Bean.CVCD.TS-Screener.[DTL].mpg
  Verificando 26/37: Las.Vacaciones.de.Mr.Bean.TS_Screener.[www.nosolotorrents.com]
  Verificando 11/37: Mr Bean (Serie) Las vacaciones de Mr Bean (Pelicula)
  Verificando 34/37: Las.Vacaciones.de.Mr.Bean.DVDSCREENER.CVCD.wWw.SpaTorrent.com.mpg
  Verificando 19/37: las vacaciones de mr bean 1080p audio latino.mkv.7z
  Verificando 23/37: Las.Vacaciones.De.Mr.Bean.DVD.XviD.MP3.Screener.[DTL].avi
  Verificando 29/37: Las.Vacaciones.De.Mr.Bean.TS.XviD.MP3.Screener.[DTL].avi
  Verificando 14/37: Las Vacaciones de Mr Bean 1080p Audio Latino.mkv
  Verificando 24/37: Las.vacaciones.de.Mr.Bean.(Mr.Beans.Holiday).TS.Xvid.Mp3.[www.btvideoclub.com].avi
  Verificando 9/37: Las vacaciones de Mr. Bean (2007) HDrip XviD Castellano
  Verificando 16/37: Las vacaciones de Mr Bean [HDDVDRIP][720p][x264][www.emwreloaded.com].mkv
  Verificando 13/37: Las.Vacaciones.De.Mr.Bean.[DVDRip].[www.tensiontorrent.com].avi
  Verificando 17/37: Las.Vacaciones.De.Mr.Bean.DVD-Rip.Xvid-Mp3.Spanish.wWw.BajandoXvid.com.avi
  Verificando 31/37: Las.Vacaciones.de.Mr.Bean.DVDSCREENER.XVid.Mp3.wWw.SpaTorrent.com
  Verificando 37/37: Las.Vacaciones.de.Mr.Bean.DVD-Screener.Xvid-Mp3.Spanish.wWw.BajandoXvid.com.avi
  Verificando 18/37: Las.Vacaciones.De.Mr.Bean.DVDrip.XViD.MP3.[www.DivxTotaL.CoM].avi
  Verificando 21/37: Las Vacaciones de Mr. Bean-Spanish- [TScreener][bajaloaqui.com]
  Verificando 5/37: Las Vacaciones De Mr Bean [DVDRip] [www.torrentspain.com]
  Verificando 12/37: Las.Vacaciones.De.Mr.Bean.CVCD.DVDrip.[www.TodoCVCD.com].mpg
  Verificando 27/37: Las Vacaciones De Mr. Bean [TS-Screener][Spanish][2007][www.newpct.com]
  Verificando 10/37: Las.Vacaciones.de.Mr.Bean.[DVD.XViD][AC3.Spanish.Latino][www.btvideoclub.com]
  Verificando 15/37: Las.Vacaciones.De.Mr.Bean.DVDR.[Multi].[www.MoviesDVDR.com].iso
  Verificando 36/37: Las.vacaciones.de.Mr.Bean.DVDScreener.Sample.Xvid.Mp3.[Spanish].[WwW.VeoDivX.CoM].avi
  Verificando 20/37: Las Vacaciones De Mr. Bean [DVDR][Spanish 5.1-English 5.1][Subs.Sp-En][2007][www.newpct.com]
  Verificando 28/37: Las vacaciones de Mr Bean (TS-Screener) (EliteTorrent.net).avi
  Verificando 7/37: Las Vacaciones De Mr.Bean [DVDRip][Xvid][ESP][TaquillaSpa.com]
  Verificando 3/37: Las vacaciones de Mr.Bean [DVD-Rip] [Spanish] [www.topetorrent.com]
  Verificando 4/37: Las.Vacaciones.De.Mr.Bean.2007.SPANISH.DVDRiP.www.lokotorrents.com
  Verificando 8/37: Las.Vacaciones.De.Mr.Bean.[DVDRIP.XViD][MP3.Spanish][www.btvideoclub.com]
  Verificando 22/37: Las.vacaciones.de.Mr.Bean.Mr.Beans.Holiday.TS.Xvid.Mp3.wWw.SpaTorrent.com
  Verificando 32/37: Las Vacaciones De Mr Bean [DVDScreener][Spanish][2007][www.newpct.com]
  Verificando 2/37: Las vacaciones de Mr. Bean [DVDRIP XViD MP3][www.emwreloaded.com]
  Verificando 25/37: LAS VACACIONES DE MR BEAN

Resumen RD: NO_INSTANT=28 | RD_FAIL=9

qBit: probando 37 candidatos extra (5 a la vez, 35s máximo).
qBit progreso: 7/37 comprobados | vivos 0
qBit progreso: 14/37 comprobados | vivos 0
qBit progreso: 21/37 comprobados | vivos 0
qBit progreso: 28/37 comprobados | vivos 0
qBit progreso: 35/37 comprobados | vivos 0
qBit progreso: 37/37 comprobados | vivos 0
Resultados válidos para JDownloader/RD: 0/37
Lista extra qBittorrent vivos reales: 0

========================================================================
 TOP LIMPIO
========================================================================
No hay resultados limpios.
Resultados guardados para el Editor: 0
Real-Debrid temporal limpio: 0 id(s) revisado(s).

RESULTADOS LISTOS. Escribe abajo 1, 1,3, A, T o S y pulsa Enviar.
