
--- ARRANQUE MOTOR BTDIGG RD ---
BTDigg + RD - opción 1 limpia
Búsqueda: cenicienta
Páginas: 1-3
Modo: 0


Navegador automático página 1 (1/3):
  https://en.btdig.com/search?q=cenicienta&p=0
  BTDigg Chrome TLS: 10 magnets encontrados

Navegador automático página 2 (2/3):
  https://en.btdig.com/search?q=cenicienta&p=1
  BTDigg Chrome TLS: 10 magnets encontrados

Navegador automático página 3 (3/3):
  https://en.btdig.com/search?q=cenicienta&p=2
  BTDigg Chrome TLS: 10 magnets encontrados

Encontrados 30 resultados brutos. Filtrando...

Aspiradora terminada: 30 resultados únicos encontrados.
Modo sin filtro: no descarto por idioma/calidad y no ordeno por calidad/tamano; solo penalizo basura.
Criba búsqueda seria: 21/30 coinciden en el mismo título/archivo.
Descartados antes de verificar por no coincidir: 9

Comprobando token Real-Debrid...
Token Real-Debrid OK: exmelenas

Consultando Real-Debrid cache/instantáneo...

Aviso: Real-Debrid tiene desactivada instantAvailability.
Paso serio: verifico de verdad con addMagnet los 21 mejores candidatos.
  Verificando 1/21: 1950-la-cenicienta-cinderella-doblaje-original-edmundo-santos
  Verificando 19/21: Cenicienta [BluRay 720p X264 MKV][AC3 5.1 Castellano][2015][www.descargas2020.ORG][www.pctnew.ORG]
  Verificando 16/21: Cenicienta.que.pasaria.si.[www.TodoCVCD.com][biri]
  Verificando 15/21: La.Cenicienta.[www.TodoCVCD.com][biri]
  Verificando 10/21: Una Cenicienta moderna (2019) [BluRay 720p X264 MKV][AC3 5.1 Castellano][www.maxitorrent.com]
  Verificando 3/21: La Cenicienta 2 La magia no termina a medianoche (2002) [BluRay 720p X264 MKV][AC3 5.1 Castellano][w
  Verificando 12/21: 32810069-la-otra-cenicienta-1977-peli-completa-espanol
  Verificando 18/21: Cenicienta (Cinderella) (2021) [BluRay Rip][AC3 5.1 Castellano][www.maxitorrent.com]
  Verificando 2/21: VA - BSO Cenicienta (2015) [FLAC]
  Verificando 7/21: Chenoa_Absurda_Cenicienta
  Verificando 14/21: La Cenicienta.2015.DVDRip.Español.Disney.Pelicula
  Verificando 17/21: La.Cenicienta.2.[www.TodoCVCD.com][biri]
  Verificando 21/21: Los tres deseos de Cenicienta (2022) [BluRay 720p X264 MKV][AC3 5.1 Castellano][www.nucleohd.com]
  Verificando 11/21: Cenicienta (Cinderella) (2021) [BluRay Rip][AC3 5.1 Castellano][www.maxitorrent.com]
  Verificando 13/21: Cenicienta (1950) [BluRay 720p X264 MKV][AC3 5.1 Castellano][www.PCTRELOAD.COM]
  Verificando 5/21: la-cenicienta_doblaje
  Verificando 4/21: la-cenicienta_doblaje
  Verificando 8/21: Cenicienta. (2015).(HDrip.XviD.Ac3.Esp).By Malaguita
  Verificando 9/21: Una Cenicienta moderna salto a la fama (2021) [BluRay 720p X264 MKV][AC3 5.1 Castellano][www.maxitor
  Verificando 6/21: Cenicienta (2015) [BluRay 720p X264 MKV][AC3 5.1 Castellano][PctReload1.com]
  Verificando 20/21: Cenicienta (Cinderella) (2021) [BluRay 720p X264 MKV][AC3 5.1 Castellano][www.maxitorrent.com]

Resumen RD: NO_INSTANT=1 | PACK_SIN_COINCIDENCIA=11 | RD_FAIL=9

qBit: probando 21 candidatos extra (5 a la vez, 35s máximo).
qBit progreso: 4/21 comprobados | vivos 0
qBit progreso: 8/21 comprobados | vivos 0
qBit progreso: 12/21 comprobados | vivos 0
qBit progreso: 16/21 comprobados | vivos 0
qBit vivo 19/21: QBT_VIVO - Cenicienta [BluRay 720p X264 MKV][AC3 5.1 Castellano][2015][www.descargas2020.ORG][www.pctnew.ORG]
qBit progreso: 20/21 comprobados | vivos 1
qBit progreso: 21/21 comprobados | vivos 1
Resultados válidos para JDownloader/RD: 0/21
Lista extra qBittorrent vivos reales: 1

========================================================================
 TOP LIMPIO
========================================================================
[01] RD:PACK_SIN_COINCIDENCIA SCORE:   0 SIZE:   2.4 GB  Cenicienta [BluRay 720p X264 MKV][AC3 5.1 Castellano][2015][www.descargas2020.ORG][www.pctnew.O
     qBit vivo: QBT_VIVO | seeds=1 peers=1 | qBittorrent con seed conectado: seeds=1, peers=1, state=stalleddl
========================================================================
Elige: 1 | 1,4,7 | A=todos los válidos RD | T=todos mostrados RD/qBit | S=salir
Resultados guardados para el Editor: 1
Real-Debrid temporal limpio: 1 id(s) revisado(s).

RESULTADOS LISTOS. Escribe abajo 1, 1,3, A, T o S y pulsa Enviar.
