
--- ARRANQUE MOTOR BTDIGG RD ---
BTDigg + RD - opción 1 limpia
Búsqueda: Los simpson
Páginas: 1-30
Modo: 3


Navegador automático página 1 (1/30):
  https://en.btdig.com/search?q=los%20simpson&p=0
  Rescate DOM: 10 magnets encontrados

Navegador automático página 2 (2/30):
  https://en.btdig.com/search?q=los%20simpson&p=1
  Rescate DOM: 10 magnets encontrados

Navegador automático página 3 (3/30):
  https://en.btdig.com/search?q=los%20simpson&p=2
  Rescate DOM: 10 magnets encontrados

Navegador automático página 4 (4/30):
  https://en.btdig.com/search?q=los%20simpson&p=3
  Rescate DOM: 10 magnets encontrados

Navegador automático página 5 (5/30):
  https://en.btdig.com/search?q=los%20simpson&p=4
  Rescate DOM: 10 magnets encontrados

Navegador automático página 6 (6/30):
  https://en.btdig.com/search?q=los%20simpson&p=5
  Rescate DOM: 10 magnets encontrados

Navegador automático página 7 (7/30):
  https://en.btdig.com/search?q=los%20simpson&p=6
  Rescate DOM: 10 magnets encontrados

Navegador automático página 8 (8/30):
  https://en.btdig.com/search?q=los%20simpson&p=7
  Rescate DOM: 10 magnets encontrados

Navegador automático página 9 (9/30):
  https://en.btdig.com/search?q=los%20simpson&p=8
  Rescate DOM: 10 magnets encontrados

Navegador automático página 10 (10/30):
  https://en.btdig.com/search?q=los%20simpson&p=9
  Rescate DOM: 10 magnets encontrados

Navegador automático página 11 (11/30):
  https://en.btdig.com/search?q=los%20simpson&p=10
  Rescate DOM: 10 magnets encontrados

Navegador automático página 12 (12/30):
  https://en.btdig.com/search?q=los%20simpson&p=11
  Rescate DOM: 10 magnets encontrados

Navegador automático página 13 (13/30):
  https://en.btdig.com/search?q=los%20simpson&p=12
  Rescate DOM: 10 magnets encontrados

Navegador automático página 14 (14/30):
  https://en.btdig.com/search?q=los%20simpson&p=13
  Rescate DOM: 10 magnets encontrados

Navegador automático página 15 (15/30):
  https://en.btdig.com/search?q=los%20simpson&p=14
  Rescate DOM: 10 magnets encontrados

Navegador automático página 16 (16/30):
  https://en.btdig.com/search?q=los%20simpson&p=15
  Rescate DOM: 10 magnets encontrados

Navegador automático página 17 (17/30):
  https://en.btdig.com/search?q=los%20simpson&p=16
  Rescate DOM: 10 magnets encontrados

Navegador automático página 18 (18/30):
  https://en.btdig.com/search?q=los%20simpson&p=17
  Rescate DOM: 10 magnets encontrados

Navegador automático página 19 (19/30):
  https://en.btdig.com/search?q=los%20simpson&p=18
  Rescate DOM: 10 magnets encontrados

Navegador automático página 20 (20/30):
  https://en.btdig.com/search?q=los%20simpson&p=19
  Rescate DOM: 10 magnets encontrados

Navegador automático página 21 (21/30):
  https://en.btdig.com/search?q=los%20simpson&p=20
  Rescate DOM: 10 magnets encontrados

Navegador automático página 22 (22/30):
  https://en.btdig.com/search?q=los%20simpson&p=21
  Rescate DOM: 10 magnets encontrados

Navegador automático página 23 (23/30):
  https://en.btdig.com/search?q=los%20simpson&p=22
  Rescate DOM: 10 magnets encontrados

Navegador automático página 24 (24/30):
  https://en.btdig.com/search?q=los%20simpson&p=23
  Rescate DOM: 10 magnets encontrados

Navegador automático página 25 (25/30):
  https://en.btdig.com/search?q=los%20simpson&p=24
  Rescate DOM: 10 magnets encontrados

Navegador automático página 26 (26/30):
  https://en.btdig.com/search?q=los%20simpson&p=25
  Rescate DOM: 10 magnets encontrados

Navegador automático página 27 (27/30):
  https://en.btdig.com/search?q=los%20simpson&p=26
  Rescate DOM: 10 magnets encontrados

Navegador automático página 28 (28/30):
  https://en.btdig.com/search?q=los%20simpson&p=27
  Rescate DOM: 10 magnets encontrados

Navegador automático página 29 (29/30):
  https://en.btdig.com/search?q=los%20simpson&p=28
  Rescate DOM: 10 magnets encontrados

Navegador automático página 30 (30/30):
  https://en.btdig.com/search?q=los%20simpson&p=29
  Rescate DOM: 10 magnets encontrados

Encontrados 300 resultados brutos. Filtrando...

Aspiradora terminada: 300 resultados únicos encontrados.
Filtro aplicado: 157/300 siguen como candidatos.
Criba búsqueda seria: 153/157 coinciden en el mismo título/archivo.
Rescate RD pendiente por titulo/pack dudoso: 4

Comprobando token Real-Debrid...
Token Real-Debrid OK: exmelenas

Consultando Real-Debrid cache/instantáneo...

Aviso: Real-Debrid tiene desactivada instantAvailability.
Paso serio: verifico de verdad con addMagnet los 60 mejores candidatos.
  Verificando 1/60: TEMPORADA 25/Los Simpson - 25x02 - La casa-árbol del terror XXIV.mkv
  RD OK 39/60: Los Simpson [HDTV 720p][Cap.3422](wolfmax4k.com).mkv
  RD OK 58/60: Los Simpson 37X12 HDTV XviD Castellano.avi
  Verificando 13/60: Los Simpson - Temporada 6 de 20 [DVDRIP][Spanish]
  RD OK 44/60: Los Simpson 36X5 HDTV XviD Castellano.avi
  RD OK 7/60: Temporada 9/Los Simpsons 9x22 Residuos Titánicos [DVDRip Esp-Eng-Com by jnogales2001][TusSeries.com]
  RD OK 43/60: Los Simpson Planeta Amarillo (2025) [HDTV 1080p][Esp].mkv
  Verificando 28/60: Los Simpson - Temporada 1 de 20 [DVDRIP][Spanish]
  Verificando 20/60: Los Simpson - Temporada 2 de 20 [DVDRIP][Spanish]
  Verificando 21/60: Los Simpson - Temporada 3 de 20 [DVDRIP][Spanish]
  Verificando 31/60: Los.Simpson.Extreme.Makeover.Edicion.Homero.2026.WEB-DL.1080p-Dual-Lat
  Verificando 17/60: Los Simpson - La pelicula [HD] [720p] [Spanish] [www.topetorrent.com].mkv
  Verificando 35/60: Los Simpson (La Pelicula).avi
  Verificando 50/60: Los.Simpson.Santa.Homero.2024.1080p-Dual-Lat.mkv
  Verificando 18/60: Los.Simpsons [T06-Completa]
  Verificando 15/60: Los Simpson - Temporada 10
  Verificando 4/60: Los Simpsons
  Verificando 9/60: Los Simpsons - Español(España) Temporadas 1-11
  Verificando 16/60: Los Simpson - Temporada 5 de 20 [DVDRIP][Spanish]
  Verificando 52/60: Los Simpsons 19x1x2x3x4x5x6x7 HDTV XVID Español
  Verificando 5/60: Los Simpsons Temporada 07/07x12 - El equipo de Homero [4.3] [1080p].mkv
  RD OK 59/60: Los Simpson 37X10 HDTV XviD Castellano.avi
  Verificando 36/60: Los Simpson - Temp.20 [HDTV][Cap. 2015_2020][Spanish]
  RD OK 34/60: Los.Simpson.La.película.2007.720p-dual-lat.mkv
  RD OK 48/60: Los Simpson - Temporada 34 [HDTV 720p][Cap.3415][AC3 5.1 Castellano][www.AtomoHD.SURF].mkv
  Verificando 56/60: Los.Simpson.La.Pelicula.[DVDRiP.XviD][MP3.Spanish][www.TaquillaDivx.com]
  Verificando 25/60: Los simpsons S37
  RD OK 47/60: smp.snn.34x18.m1080p.es.mkv
  Verificando 6/60: Los Simpsons Temporada 07/07x12 - El equipo de Homero [4.3] [1080p].mkv
  RD OK 38/60: Los Simpson Extreme Makeover Edicion Homero [HDTV 1080p][Esp].mkv
  Verificando 53/60: Los Simpson - La pelicula [DVD-Rip] [Spanish] [www.topetorrent.com].avi
  Verificando 3/60: Temporada 15 Los Simpson BDRip DUAL/15x01 La casita del horror XIV.mkv
  Verificando 42/60: Los Simpsons 35X1X2X3X4X5X6 - TVHD XVID Español
  Verificando 22/60: Los.Simpson.[T5 Completa].[Dvd-Rip].Castellano
  Verificando 51/60: Los simpson.El videojuego [español][www.darkotracker.com]
  RD OK 49/60: Los Simpson 37X16X17 HDTV XviD Castellano.avi
  Verificando 37/60: los-simpson-ya-vovera-y-tambien-tu-y-tu
  Verificando 27/60: Los Simpson - Temp.20 [HDTV][Cap. 2001_2011][Spanish]
  Verificando 8/60: Temp4 4x18 - yste es el resultado Retrospectiva de Los Simpson (Spanish-English-comentarios).avi
  Verificando 54/60: Los Simpson La Pelicula [DVDRIP][Spanish][2007][www.newpct.com]
  Verificando 46/60: Los Simpson 23x03 x12 x19
  Verificando 41/60: Los_Simpson_La_Pelicula_2007_Castellano_BDrip_X264.mkv
  Verificando 30/60: Los.Simpsons [T01-Completa]
  Verificando 26/60: Los.Simpson.[T2 Completa].[Dvd-Rip].Castellano
  Verificando 10/60: Los Simpson T01 - T10
  Verificando 45/60: Los Simpson La Película.mp4
  Verificando 23/60: Los Simpson - Temporada 4 de 20 [DVDRIP][Spanish]
  Verificando 24/60: Los.Simpson.[Temp.8.Completa].DVD.XviD.MP3.[www.DivxTotaL.CoM]
  Verificando 40/60: Los.Simpson.Extreme.Makeover.Edicion.Homero.2026.WEB-DL.1080p-Dual-Lat
  Verificando 14/60: Los Simpson - Temporada 20
  Verificando 19/60: Los.Simpson.[T7 Completa].[Dvd-Rip].Castellano
  Verificando 12/60: Los Simpson - Temporada 28
  Verificando 32/60: Los.Simpson.Santa.Homero.2024.WEB-DL.1080p-Dual-Lat
  Verificando 60/60: Los-Simpson-La-Pelicula-DVDRip-EliteTorrent-net
  Verificando 33/60: Los.Simpson.La.Pelicula.[RatDvd9-Full].[Eliterat.com].RatDVD
  Verificando 2/60: Temporada 15 Los Simpson BDRip DUAL/15x01 La casita del horror XIV.mkv
  Verificando 57/60: Los.Simpson.La.Pelicula.Español[Ninja's Torrent].avi
  Verificando 55/60: Los.Simpson.La.Pelicula.DVD.XviD.MP3.[www.SpaTorrent.com]
  Verificando 29/60: Los Simpson - Temporada 15
  Verificando 11/60: simpson/Los Simpson_ La Película.mp4

Resumen RD: NO_INSTANT=30 | NO_VERIFICADO=93 | PACK_SIN_COINCIDENCIA=10 | RD_FAIL=9 | RD_OK=11

qBit: probando 40 candidatos extra (5 a la vez, 35s máximo).
qBit progreso: 8/40 comprobados | vivos 0
qBit progreso: 16/40 comprobados | vivos 0
qBit progreso: 24/40 comprobados | vivos 0
qBit vivo 31/40: QBT_VIVO - Los.Simpson.Santa.Homero.2024.WEB-DL.1080p-Dual-Lat
qBit vivo 32/40: QBT_VIVO - Los.Simpson.Extreme.Makeover.Edicion.Homero.2026.WEB-DL.1080p-Dual-Lat
qBit progreso: 40/40 comprobados | vivos 2
Resultados válidos para JDownloader/RD: 11/153
Lista extra qBittorrent vivos reales: 2

========================================================================
 TOP LIMPIO
========================================================================
[01] RD:OK           SCORE:  52 SIZE:   0.3 GB  Los Simpson  ==>  /Temporada 9/Los Simpsons 9x22 Residuos Titánicos [DVDRip Esp-Eng-Com by jnog
     archivo RD: /Temporada 9/Los Simpsons 9x22 Residuos Titánicos [DVDRip Esp-Eng-Com by jnogales2001][TusSeries.com].avi (0.3 GB)
[02] RD:OK           SCORE:  40 SIZE:   1.3 GB  Los.Simpson.La.película.2007.720p-dual-lat  ==>  /Los.Simpson.La.película.2007.720p-dual-lat.mk
     archivo RD: /Los.Simpson.La.película.2007.720p-dual-lat.mkv (1.3 GB)
[03] RD:OK           SCORE:  40 SIZE:   1.0 GB  Los Simpson Extreme Makeover Edicion Homero [HDTV 1080p][Esp]  ==>  /Los Simpson Extreme Makeov
     archivo RD: /Los Simpson Extreme Makeover Edicion Homero [HDTV 1080p][Esp].mkv (1.0 GB)
[04] RD:OK           SCORE:  40 SIZE:   0.9 GB  Los Simpson [HDTV 720p][Cap.3422](wolfmax4k.com)  ==>  /Los Simpson [HDTV 720p][Cap.3422](wolfm
     archivo RD: /Los Simpson [HDTV 720p][Cap.3422](wolfmax4k.com).mkv (0.9 GB)
[05] RD:OK           SCORE:  40 SIZE:   0.8 GB  Los Simpson Planeta Amarillo (2025) [HDTV 1080p][Esp]  ==>  /Los Simpson Planeta Amarillo (2025
     archivo RD: /Los Simpson Planeta Amarillo (2025) [HDTV 1080p][Esp].mkv (0.8 GB)
[06] RD:OK           SCORE:  40 SIZE:   0.8 GB  Los Simpson - Temporada 34 [HDTV 720p][Cap.3418]  ==>  /smp.snn.34x18.m1080p.es.mkv
     archivo RD: /smp.snn.34x18.m1080p.es.mkv (0.8 GB)
[07] RD:OK           SCORE:  40 SIZE:   0.7 GB  Los Simpson - Temporada 34 [HDTV 720p][Cap.3415][AC3 5.1 Castellano][www.AtomoHD.SURF]  ==>  /L
     archivo RD: /Los Simpson - Temporada 34 [HDTV 720p][Cap.3415][AC3 5.1 Castellano][www.AtomoHD.SURF].mkv (0.7 GB)
[08] RD:OK           SCORE:  40 SIZE:   0.7 GB  Los Simpson 37X16X17 HDTV XviD Castellano  ==>  /Los Simpson 37X16X17 HDTV XviD Castellano.avi
     archivo RD: /Los Simpson 37X16X17 HDTV XviD Castellano.avi (0.7 GB)
[09] RD:OK           SCORE:  40 SIZE:   0.4 GB  Los Simpson 36X4X5 HDTV XviD Castellano  ==>  /Los Simpson 36X5 HDTV XviD Castellano.avi
     archivo RD: /Los Simpson 36X5 HDTV XviD Castellano.avi (0.4 GB)
[10] RD:OK           SCORE:  40 SIZE:   0.3 GB  Los Simpson 37X11X12 HDTV XviD Castellano  ==>  /Los Simpson 37X12 HDTV XviD Castellano.avi
     archivo RD: /Los Simpson 37X12 HDTV XviD Castellano.avi (0.3 GB)
[11] RD:OK           SCORE:  40 SIZE:   0.3 GB  Los Simpson 37X9X10 HDTV XviD Castellano  ==>  /Los Simpson 37X10 HDTV XviD Castellano.avi
     archivo RD: /Los Simpson 37X10 HDTV XviD Castellano.avi (0.3 GB)
[12] RD:RD_FAIL      SCORE:  40 SIZE:   1.4 GB  Los.Simpson.Santa.Homero.2024.WEB-DL.1080p-Dual-Lat
     qBit vivo: QBT_VIVO | seeds=2 peers=2 | qBittorrent descargando: 0.00 MB/s, seeds=2, peers=2
[13] RD:RD_FAIL      SCORE:  40 SIZE:   0.9 GB  Los.Simpson.Extreme.Makeover.Edicion.Homero.2026.WEB-DL.1080p-Dual-Lat
     qBit vivo: QBT_VIVO | seeds=1 peers=0 | qBittorrent con seed conectado: seeds=1, peers=0, state=stalleddl
========================================================================
Elige: 1 | 1,4,7 | A=todos los válidos RD | T=todos mostrados RD/qBit | S=salir
Resultados guardados para el Editor: 13
Real-Debrid temporal limpio: 11 id(s) revisado(s).

RESULTADOS LISTOS. Escribe abajo 1, 1,3, A, T o S y pulsa Enviar.
