
--- ARRANQUE MOTOR BTDIGG RD ---
BTDigg + RD - opción 1 limpia
Búsqueda: Torrente presidente
Páginas: 1
Modo: 0


Navegador automático página 1 (1/1):
  https://en.btdig.com/search?q=torrente%20presidente&p=0
  BTDigg Chrome TLS: 10 magnets encontrados

Encontrados 10 resultados brutos. Filtrando...

Aspiradora terminada: 10 resultados únicos encontrados.
Modo sin filtro: no descarto por idioma/calidad y no ordeno por calidad/tamano; solo penalizo basura.
Criba búsqueda seria: 10/10 coinciden en el mismo título/archivo.

Comprobando token Real-Debrid...
Token Real-Debrid OK: exmelenas

Consultando Real-Debrid cache/instantáneo...

Aviso: Real-Debrid tiene desactivada instantAvailability.
Paso serio: verifico de verdad con addMagnet los 10 mejores candidatos.
  Verificando 1/10: www.UIndex.org    -    Torrente Presidente (2026) 1080p WEBRip x265 10bit 5.1-WORLD
  Verificando 4/10: www.UIndex.org    -    Torrente Presidente 2026 1080p DUAL WEB-DL HEVC x265 5 1-BONE
  Verificando 9/10: Torrente Presidente (DonTorrent)
  Verificando 5/10: www.UIndex.org    -    Torrente Presidente 2026 1080p NF WEB-DL DDP5 1 x264-SPWEB
  Verificando 8/10: Torrente Presidente (2026) [1080p] [WEBRip] [x265] [10bit] [5.1] [YTS.GG - YTS.BZ]
  Verificando 6/10: Torrente Presidente (2026) [1080p] [WEBRip] [5.1] [YTS.GG - YTS.BZ]
  RD OK 10/10: Torrente presidente (2026) [Bluray][Esp].avi
  Verificando 3/10: www.UIndex.org    -    Torrente Presidente (2026) 720p WEBRip-WORLD
  Verificando 7/10: Torrente Presidente (2026) [720p] [WEBRip] [YTS.GG - YTS.BZ]
  Verificando 2/10: www.UIndex.org    -    Torrente Presidente (2026) 1080p WEBRip 5.1-WORLD

Resumen RD: PACK_SIN_COINCIDENCIA=1 | RD_FAIL=8 | RD_OK=1

qBit: probando 9 candidatos extra (5 a la vez, 35s máximo).
qBit vivo 1/9: QBT_VIVO - www.UIndex.org    -    Torrente Presidente 2026 1080p NF WEB-DL DDP5 1 x264-SPWEB
qBit vivo 2/9: QBT_VIVO - www.UIndex.org    -    Torrente Presidente (2026) 1080p WEBRip x265 10bit 5.1-WORLD
qBit vivo 3/9: QBT_VIVO - Torrente Presidente (2026) [1080p] [WEBRip] [5.1] [YTS.GG - YTS.BZ]
qBit vivo 4/9: QBT_VIVO - Torrente Presidente (2026) [1080p] [WEBRip] [x265] [10bit] [5.1] [YTS.GG - YTS.BZ]
qBit vivo 5/9: QBT_VIVO - www.UIndex.org    -    Torrente Presidente (2026) 720p WEBRip-WORLD
qBit vivo 6/9: QBT_VIVO - Torrente Presidente (DonTorrent)
qBit vivo 7/9: QBT_VIVO - Torrente Presidente (2026) [720p] [WEBRip] [YTS.GG - YTS.BZ]
qBit progreso: 8/9 comprobados | vivos 7
qBit progreso: 9/9 comprobados | vivos 7
Resultados válidos para JDownloader/RD: 1/10
Lista extra qBittorrent vivos reales: 7

========================================================================
 TOP LIMPIO
========================================================================
[01] RD:OK           SCORE:   0 SIZE:   1.2 GB  Torrente presidente (2026) [Bluray][Esp]  ==>  /Torrente presidente (2026) [Bluray][Esp].avi
     archivo RD: /Torrente presidente (2026) [Bluray][Esp].avi (1.2 GB)
[02] RD:RD_FAIL      SCORE:   0 SIZE:   1.7 GB  www.UIndex.org    -    Torrente Presidente (2026) 1080p WEBRip x265 10bit 5.1-WORLD
     qBit vivo: QBT_VIVO | seeds=2 peers=1 | qBittorrent descargando: 0.35 MB/s, seeds=2, peers=1
[03] RD:RD_FAIL      SCORE:   0 SIZE:   0.9 GB  www.UIndex.org    -    Torrente Presidente (2026) 720p WEBRip-WORLD
     qBit vivo: QBT_VIVO | seeds=1 peers=1 | qBittorrent con seed conectado: seeds=1, peers=1, state=stalleddl
[04] RD:RD_FAIL      SCORE:   0 SIZE:   4.5 GB  www.UIndex.org    -    Torrente Presidente 2026 1080p NF WEB-DL DDP5 1 x264-SPWEB
     qBit vivo: QBT_VIVO | seeds=2 peers=0 | qBittorrent con seed conectado: seeds=2, peers=0, state=stalleddl
[05] RD:RD_FAIL      SCORE:   0 SIZE:   1.9 GB  Torrente Presidente (2026) [1080p] [WEBRip] [5.1] [YTS.GG - YTS.BZ]
     qBit vivo: QBT_VIVO | seeds=2 peers=0 | qBittorrent descargando: 0.03 MB/s, seeds=2, peers=0
[06] RD:RD_FAIL      SCORE:   0 SIZE:   0.9 GB  Torrente Presidente (2026) [720p] [WEBRip] [YTS.GG - YTS.BZ]
     qBit vivo: QBT_VIVO | seeds=1 peers=0 | qBittorrent con seed conectado: seeds=1, peers=0, state=stalleddl
[07] RD:RD_FAIL      SCORE:   0 SIZE:   1.7 GB  Torrente Presidente (2026) [1080p] [WEBRip] [x265] [10bit] [5.1] [YTS.GG - YTS.BZ]
     qBit vivo: QBT_VIVO | seeds=2 peers=4 | qBittorrent con seed conectado: seeds=2, peers=4, state=stalleddl
[08] RD:PACK_SIN_COINCIDENCIA SCORE:   0 SIZE:   0.0 GB  Torrente Presidente (DonTorrent)
     qBit vivo: QBT_VIVO | seeds=1 peers=0 | qBittorrent con seed conectado: seeds=1, peers=0, state=stalleddl
========================================================================
Elige: 1 | 1,4,7 | A=todos los válidos RD | T=todos mostrados RD/qBit | S=salir
Resultados guardados para el Editor: 8
Real-Debrid temporal limpio: 2 id(s) revisado(s).

RESULTADOS LISTOS. Escribe abajo 1, 1,3, A, T o S y pulsa Enviar.
