
--- ARRANQUE MOTOR BTDIGG RD ---
BTDigg + RD - opción 1 limpia
Búsqueda: cenicienta
Páginas: 1
Modo: 0


Navegador automático página 1 (1/1):
  https://en.btdig.com/search?q=cenicienta&p=0
  Rescate DOM: 10 magnets encontrados

Encontrados 10 resultados brutos. Filtrando...

Aspiradora terminada: 10 resultados únicos encontrados.
Modo sin filtro: no descarto por idioma/calidad, pero SÍ ordeno por calidad.
Criba búsqueda seria: 7/10 coinciden en el mismo título/archivo.
Descartados antes de verificar por no coincidir: 3

Comprobando token Real-Debrid...
Token Real-Debrid OK: exmelenas

Consultando Real-Debrid cache/instantáneo...

Aviso: Real-Debrid tiene desactivada instantAvailability.
Paso serio: verifico de verdad con addMagnet los 7 mejores candidatos.
  Verificando 1/7: La Cenicienta 2 La magia no termina a medianoche (2002) [BluRay 720p X264 MKV][AC3 5.1 Castellano][w
  Verificando 3/7: 1950-la-cenicienta-cinderella-doblaje-original-edmundo-santos
  Verificando 5/7: la-cenicienta_doblaje
  Verificando 4/7: VA - BSO Cenicienta (2015) [FLAC]
  Verificando 6/7: la-cenicienta_doblaje
  Verificando 7/7: Chenoa_Absurda_Cenicienta
  Verificando 2/7: Cenicienta (2015) [BluRay 720p X264 MKV][AC3 5.1 Castellano][PctReload1.com]

Resumen RD: NO_INSTANT=4 | PACK_SIN_COINCIDENCIA=3

qBit: probando 7 candidatos extra (4 a la vez, 16s máximo).
qBit progreso: 2/7 comprobados | vivos 0
qBit progreso: 4/7 comprobados | vivos 0
qBit progreso: 6/7 comprobados | vivos 0
qBit progreso: 7/7 comprobados | vivos 0
Resultados válidos para JDownloader/RD: 0/7
Lista extra qBittorrent vivos reales: 0

========================================================================
 TOP LIMPIO
========================================================================
No hay resultados limpios.
Resultados guardados para el Editor: 0
Real-Debrid temporal limpio: 0 id(s) revisado(s).

RESULTADOS LISTOS. Escribe abajo 1, 1,3, A, T o S y pulsa Enviar.
