
--- ARRANQUE MOTOR BTDIGG RD ---
BTDigg + RD - opción 1 limpia
Búsqueda: Enola Holmes 3
Páginas: 1-5
Modo: 3


Navegador automático página 1 (1/5):
  https://en.btdig.com/search?q=enola%20holmes%203&p=0
  Rescate DOM: 10 magnets encontrados

Navegador automático página 2 (2/5):
  https://en.btdig.com/search?q=enola%20holmes%203&p=1
  Rescate DOM: 10 magnets encontrados

Navegador automático página 3 (3/5):
  https://en.btdig.com/search?q=enola%20holmes%203&p=2
  Rescate DOM: 10 magnets encontrados

Navegador automático página 4 (4/5):
  https://en.btdig.com/search?q=enola%20holmes%203&p=3
  Rescate DOM: 10 magnets encontrados

Navegador automático página 5 (5/5):
  https://en.btdig.com/search?q=enola%20holmes%203&p=4
  Rescate DOM: 10 magnets encontrados

Encontrados 50 resultados brutos. Filtrando...

Aspiradora terminada: 50 resultados únicos encontrados.
Filtro aplicado: 8/50 siguen como candidatos.
Criba búsqueda seria: 8/8 coinciden en el mismo título/archivo.

Comprobando token Real-Debrid...
Token Real-Debrid OK: exmelenas

Consultando Real-Debrid cache/instantáneo...

Aviso: Real-Debrid tiene desactivada instantAvailability.
Paso serio: verifico de verdad con addMagnet los 8 mejores candidatos.
  Verificando 2/8: Enola.Holmes.3.2026.WEB-DL.1080p.x264.DUAL.5.1-STARCKFILMES
  Verificando 5/8: Enola Holmes 3 (2026) [Bluray 720p][Esp]
  Verificando 3/8: Enola Holmes 3 Ingles-Castellano Subt-Cast.Forz-Comp-CC H264 E-AC3 5.1 BDrip hd 1080p
  Verificando 4/8: Enola.Holmes.3.2026.PLDUB.720p.WEB-DL.XviD.DD5.1-K83
  Verificando 7/8: Enola Holmes 3 BDrip XviD Castellano
  Verificando 6/8: Enola Holmes 3 (2026) [Bluray][Esp]
  Verificando 1/8: Enola Holmes 3 (2026) [4k 2160p][Esp]
  Verificando 8/8: Enola.Holmes.3.2026.720p.10bit.WEBRip.6CH.x265.HEVC-PSA

Resumen RD: NO_INSTANT=1 | PACK_SIN_COINCIDENCIA=3 | RD_FAIL=4

qBit: probando 8 candidatos extra (5 a la vez, 35s máximo).
qBit vivo 1/8: QBT_VIVO - Enola.Holmes.3.2026.WEB-DL.1080p.x264.DUAL.5.1-STARCKFILMES
qBit vivo 2/8: QBT_VIVO - Enola Holmes 3 (2026) [Bluray][Esp]
qBit vivo 3/8: QBT_VIVO - Enola Holmes 3 Ingles-Castellano Subt-Cast.Forz-Comp-CC H264 E-AC3 5.1 BDrip hd 1080p
qBit vivo 4/8: QBT_VIVO - Enola Holmes 3 (2026) [Bluray 720p][Esp]
qBit vivo 5/8: QBT_VIVO - Enola Holmes 3 (2026) [4k 2160p][Esp]
qBit vivo 6/8: QBT_VIVO - Enola.Holmes.3.2026.PLDUB.720p.WEB-DL.XviD.DD5.1-K83
qBit vivo 7/8: QBT_VIVO - Enola.Holmes.3.2026.720p.10bit.WEBRip.6CH.x265.HEVC-PSA
qBit vivo 8/8: QBT_VIVO - Enola Holmes 3 BDrip XviD Castellano
Resultados válidos para JDownloader/RD: 0/8
Lista extra qBittorrent vivos reales: 8

========================================================================
 TOP LIMPIO
========================================================================
[01] RD:PACK_SIN_COINCIDENCIA SCORE:  43 SIZE:  15.3 GB  Enola Holmes 3 (2026) [4k 2160p][Esp]
     qBit vivo: QBT_VIVO | seeds=1 peers=65 | qBittorrent con seed conectado: seeds=1, peers=65, state=stalleddl
[02] RD:RD_FAIL      SCORE:  40 SIZE:   2.9 GB  Enola.Holmes.3.2026.WEB-DL.1080p.x264.DUAL.5.1-STARCKFILMES
     qBit vivo: QBT_VIVO | seeds=2 peers=0 | qBittorrent con seed conectado: seeds=2, peers=0, state=stalleddl
[03] RD:RD_FAIL      SCORE:  40 SIZE:   2.9 GB  Enola Holmes 3 Ingles-Castellano Subt-Cast.Forz-Comp-CC H264 E-AC3 5.1 BDrip hd 1080p
     qBit vivo: QBT_VIVO | seeds=3 peers=0 | qBittorrent descargando: 0.17 MB/s, seeds=3, peers=0
[04] RD:RD_FAIL      SCORE:  40 SIZE:   2.8 GB  Enola.Holmes.3.2026.PLDUB.720p.WEB-DL.XviD.DD5.1-K83
     qBit vivo: QBT_VIVO | seeds=2 peers=0 | qBittorrent descargando: 0.04 MB/s, seeds=2, peers=0
[05] RD:PACK_SIN_COINCIDENCIA SCORE:  40 SIZE:   2.4 GB  Enola Holmes 3 (2026) [Bluray 720p][Esp]
     qBit vivo: QBT_VIVO | seeds=2 peers=1 | qBittorrent con seed conectado: seeds=2, peers=1, state=stalleddl
[06] RD:PACK_SIN_COINCIDENCIA SCORE:  40 SIZE:   1.3 GB  Enola Holmes 3 (2026) [Bluray][Esp]
     qBit vivo: QBT_VIVO | seeds=2 peers=0 | qBittorrent descargando: 0.47 MB/s, seeds=2, peers=0
[07] RD:NO_INSTANT   SCORE:  40 SIZE:   1.3 GB  Enola Holmes 3 BDrip XviD Castellano
     qBit vivo: QBT_VIVO | seeds=2 peers=0 | qBittorrent con seed conectado: seeds=2, peers=0, state=stalleddl
[08] RD:RD_FAIL      SCORE:  40 SIZE:   0.8 GB  Enola.Holmes.3.2026.720p.10bit.WEBRip.6CH.x265.HEVC-PSA
     qBit vivo: QBT_VIVO | seeds=1 peers=1 | qBittorrent con seed conectado: seeds=1, peers=1, state=stalleddl
========================================================================
Elige: 1 | 1,4,7 | A=todos los válidos RD | T=todos mostrados RD/qBit | S=salir
Resultados guardados para el Editor: 8
Real-Debrid temporal limpio: 4 id(s) revisado(s).

RESULTADOS LISTOS. Escribe abajo 1, 1,3, A, T o S y pulsa Enviar.
