
--- ARRANQUE MOTOR BTDIGG RD ---
BTDigg + RD - opción 1 limpia
Búsqueda: los simpson
Páginas: 1
Modo: 0


Navegador automático página 1 (1/1):
  https://en.btdig.com/search?q=los%20simpson&p=0
  BTDigg Chrome TLS: 10 magnets encontrados

Encontrados 10 resultados brutos. Filtrando...

Aspiradora terminada: 10 resultados únicos encontrados.
Modo sin filtro: no descarto por idioma/calidad y no ordeno por calidad/tamano; solo penalizo basura.
Criba búsqueda seria: 10/10 coinciden en el mismo título/archivo.

Comprobando token Real-Debrid...
Token Real-Debrid OK: exmelenas

Consultando Real-Debrid cache/instantáneo...

Aviso: Real-Debrid tiene desactivada instantAvailability.
Paso serio: verifico de verdad con addMagnet los 10 mejores candidatos.
  Verificando 9/10: Los.Simpson.[Temp.8.Completa].DVD.XviD.MP3.[www.DivxTotaL.CoM]
  Verificando 8/10: S31/Los Simpson - S31E08 - [1080p] [Latino - Castellano - Ingles] [Primerlatino].mkv
  Verificando 5/10: Los Simpsons
  Verificando 6/10: Season 33/Los Simpson S33E06.mkv
  Verificando 7/10: Season 33/Los Simpson S33E06.mkv
  Verificando 10/10: Temporada 01/Los Simpson - 1x08 - La cabeza chiflada.mkv
  Verificando 2/10: Temporada 33/Los Simpson - S33E06 - Un Flanders serio (1).mkv
  Verificando 4/10: Season 1/Los Simpson - S01E08 - La cabeza chiflada [HD 720p][x265][Dual].mkv
  Verificando 3/10: Temporada 33/Los Simpson - S33E06 - Un Flanders serio (1).mkv
  Verificando 1/10: Los Simpsons T34/S34E06.mkv

Resumen RD: NO_INSTANT=8 | PACK_SIN_COINCIDENCIA=2

qBit: probando 10 candidatos extra (5 a la vez, 35s máximo).
qBit progreso: 2/10 comprobados | vivos 0
qBit progreso: 4/10 comprobados | vivos 0
qBit progreso: 6/10 comprobados | vivos 0
qBit progreso: 8/10 comprobados | vivos 0
qBit progreso: 10/10 comprobados | vivos 0
Resultados válidos para JDownloader/RD: 0/10
Lista extra qBittorrent vivos reales: 0

========================================================================
 TOP LIMPIO
========================================================================
No hay resultados limpios.
Resultados guardados para el Editor: 0
Real-Debrid temporal limpio: 0 id(s) revisado(s).

RESULTADOS LISTOS. Escribe abajo 1, 1,3, A, T o S y pulsa Enviar.
