
--- ARRANQUE MOTOR BTDIGG RD ---
BTDigg + RD - opción 1 limpia
Búsqueda: Torrente presidente
Páginas: 1-10
Modo: 0


Navegador automático página 1 (1/10):
  https://en.btdig.com/search?q=torrente%20presidente&p=0
  Rescate DOM: 10 magnets encontrados

Navegador automático página 2 (2/10):
  https://en.btdig.com/search?q=torrente%20presidente&p=1
  Rescate DOM: 10 magnets encontrados

Navegador automático página 3 (3/10):
  https://en.btdig.com/search?q=torrente%20presidente&p=2
  Rescate DOM: 10 magnets encontrados

Navegador automático página 4 (4/10):
  https://en.btdig.com/search?q=torrente%20presidente&p=3
  Rescate DOM: 10 magnets encontrados

Navegador automático página 5 (5/10):
  https://en.btdig.com/search?q=torrente%20presidente&p=4
  Rescate DOM: 10 magnets encontrados

Navegador automático página 6 (6/10):
  https://en.btdig.com/search?q=torrente%20presidente&p=5
  Rescate DOM: 10 magnets encontrados

Navegador automático página 7 (7/10):
  https://en.btdig.com/search?q=torrente%20presidente&p=6
  Rescate DOM: 10 magnets encontrados

Navegador automático página 8 (8/10):
  https://en.btdig.com/search?q=torrente%20presidente&p=7
  Rescate DOM: 2 magnets encontrados

Navegador automático página 9 (9/10):
  https://en.btdig.com/search?q=torrente%20presidente&p=8
  Rescate DOM: 10 magnets encontrados

Navegador automático página 10 (10/10):
  https://en.btdig.com/search?q=torrente%20presidente&p=9
  Rescate DOM: 10 magnets encontrados

Encontrados 72 resultados brutos. Filtrando...

Aspiradora terminada: 72 resultados únicos encontrados.
Modo sin filtro: no descarto por idioma/calidad y no ordeno por calidad/tamano; solo penalizo basura.
Criba búsqueda seria: 25/72 coinciden en el mismo título/archivo.
Descartados antes de verificar por no coincidir: 47

Comprobando token Real-Debrid...
Token Real-Debrid OK: exmelenas

Consultando Real-Debrid cache/instantáneo...

Aviso: Real-Debrid tiene desactivada instantAvailability.
Paso serio: verifico de verdad con addMagnet los 25 mejores candidatos.
  Verificando 1/25: www.UIndex.org    -    Torrente Presidente (2026) 1080p WEBRip 5.1-WORLD
  Verificando 11/25: Torrente Presidente BDrip XviD Castellano
  RD OK 22/25: Torrente.Presidente.2026.720p.CAMRip.x264.SPANISH.AAC.mkv
  Verificando 8/25: Torrente Presidente (2026) [1080p] [WEBRip] [x265] [10bit] [5.1] [YTS.GG - YTS.BZ]
  RD OK 23/25: Torrente.presidente.2026.Pm.TS.1O8Op.mkv
  Verificando 21/25: Torrente Presidente (2026).mkv
  Verificando 3/25: www.UIndex.org    -    Torrente Presidente (2026) 1080p WEBRip x265 10bit 5.1-WORLD
  Verificando 4/25: www.UIndex.org    -    Torrente Presidente 2026 1080p NF WEB-DL DDP5 1 x264-SPWEB
  RD OK 13/25: Torrente presidente.2026.1080p.WEB-DL.H.264.Dual YG.mkv
  RD OK 25/25: Torrente presidente (2026)  CAMRip [CLYON].mkv
  RD OK 12/25: Torrente presidente (2026) [Bluray 720p][Esp].mkv
  Verificando 19/25: Torrente 6 Presidente (2026) HdTScr castellano
  Verificando 15/25: Torrente.Presidente.2026.Pa.WEB-DL.1O8Op.mkv
  RD OK 24/25: Torrente.presidente.2026.Pm.TS.avi
  Verificando 16/25: Torrente Presidente 2026 1080p (DUAL) WEB-DL HEVC x265 5.1 BONE.mkv
  Verificando 7/25: Torrente Presidente (2026) [720p] [WEBRip] [YTS.GG - YTS.BZ]
  Verificando 17/25: Torrente Presidente (2026) (Spanish Subs) Web-Dl 1080P x264-Eac3 By Scorpion-Xusman (Nocturniap2P).m
  Verificando 2/25: www.UIndex.org    -    Torrente Presidente (2026) 720p WEBRip-WORLD
  Verificando 6/25: Torrente Presidente (2026) [1080p] [WEBRip] [5.1] [YTS.GG - YTS.BZ]
  Verificando 20/25: Torrente Presidente [2026] Cam YG
  RD OK 10/25: Torrente presidente (2026) [Bluray][Esp].avi
  Verificando 9/25: Torrente Presidente (DonTorrent)
  Verificando 14/25: Torrente Presidente Castellano Subt-Cast.Forz-Cast.CC H264 E-AC3 5.1 BDrip hd 1080p
  Verificando 18/25: www.UIndex.org    -    Torrente For Presidente 2026 1080p DUAL WEB-DL HEVC x265 5 1-BONE
  Verificando 5/25: www.UIndex.org    -    Torrente Presidente 2026 1080p DUAL WEB-DL HEVC x265 5 1-BONE

Resumen RD: NO_INSTANT=1 | PACK_SIN_COINCIDENCIA=1 | RD_FAIL=16 | RD_OK=7

qBit: probando 18 candidatos extra (5 a la vez, 35s máximo).
qBit vivo 1/18: QBT_VIVO - www.UIndex.org    -    Torrente Presidente (2026) 1080p WEBRip 5.1-WORLD
qBit vivo 2/18: QBT_VIVO - www.UIndex.org    -    Torrente Presidente (2026) 720p WEBRip-WORLD
qBit vivo 3/18: QBT_VIVO - www.UIndex.org    -    Torrente Presidente (2026) 1080p WEBRip x265 10bit 5.1-WORLD
qBit vivo 4/18: QBT_VIVO - Torrente Presidente (2026) [1080p] [WEBRip] [x265] [10bit] [5.1] [YTS.GG - YTS.BZ]
qBit vivo 5/18: QBT_VIVO - www.UIndex.org    -    Torrente Presidente 2026 1080p NF WEB-DL DDP5 1 x264-SPWEB
qBit vivo 6/18: QBT_VIVO - Torrente Presidente (2026) [1080p] [WEBRip] [5.1] [YTS.GG - YTS.BZ]
qBit vivo 7/18: QBT_VIVO - Torrente Presidente (2026) [720p] [WEBRip] [YTS.GG - YTS.BZ]
qBit vivo 8/18: QBT_VIVO - Torrente Presidente (DonTorrent)
qBit vivo 9/18: QBT_VIVO - Torrente Presidente BDrip XviD Castellano
qBit vivo 11/18: QBT_VIVO - Torrente Presidente (2026) (Spanish Subs) Web-Dl 1080P x264-Eac3 By Scorpion-Xusman (Nocturniap2P).m
qBit vivo 12/18: QBT_VIVO - Torrente Presidente 2026 1080p (DUAL) WEB-DL HEVC x265 5.1 BONE.mkv
qBit vivo 14/18: QBT_VIVO - Torrente Presidente (2026).mkv
qBit progreso: 15/18 comprobados | vivos 12
qBit vivo 16/18: QBT_VIVO - Torrente 6 Presidente (2026) HdTScr castellano
qBit vivo 18/18: QBT_VIVO - Torrente Presidente [2026] Cam YG
Resultados válidos para JDownloader/RD: 7/25
Lista extra qBittorrent vivos reales: 14

========================================================================
 TOP LIMPIO
========================================================================
[01] RD:OK           SCORE:   0 SIZE:   1.2 GB  Torrente presidente (2026) [Bluray][Esp]  ==>  /Torrente presidente (2026) [Bluray][Esp].avi
     archivo RD: /Torrente presidente (2026) [Bluray][Esp].avi (1.2 GB)
[02] RD:OK           SCORE:   0 SIZE:   4.5 GB  Torrente presidente (2026) [Bluray 720p][Esp]  ==>  /Torrente presidente (2026) [Bluray 720p][E
     archivo RD: /Torrente presidente (2026) [Bluray 720p][Esp].mkv (4.5 GB)
[03] RD:OK           SCORE:   0 SIZE:   4.5 GB  Torrente presidente [2026] Dual YG  ==>  /Torrente presidente.2026.1080p.WEB-DL.H.264.Dual YG.m
     archivo RD: /Torrente presidente.2026.1080p.WEB-DL.H.264.Dual YG.mkv (4.5 GB)
[04] RD:OK           SCORE: -70 SIZE:   2.3 GB  Torrente.Presidente.2026.720p.CAMRip.x264.SPANISH.AAC.mkv  ==>  /Torrente.Presidente.2026.720p.
     archivo RD: /Torrente.Presidente.2026.720p.CAMRip.x264.SPANISH.AAC.mkv (2.3 GB)
[05] RD:OK           SCORE: -70 SIZE:   5.2 GB  Torrente.presidente.2026.Pm.TS.1O8Op.mkv  ==>  /Torrente.presidente.2026.Pm.TS.1O8Op.mkv
     archivo RD: /Torrente.presidente.2026.Pm.TS.1O8Op.mkv (5.2 GB)
[06] RD:OK           SCORE: -70 SIZE:   1.4 GB  Torrente.presidente.2026.Pm.TS.avi  ==>  /Torrente.presidente.2026.Pm.TS.avi
     archivo RD: /Torrente.presidente.2026.Pm.TS.avi (1.4 GB)
[07] RD:OK           SCORE:-140 SIZE:   1.8 GB  Torrente presidente (2026)  CAMRip [CLYON].mkv  ==>  /Torrente presidente (2026)  CAMRip [CLYON
     archivo RD: /Torrente presidente (2026)  CAMRip [CLYON].mkv (1.8 GB)
[08] RD:RD_FAIL      SCORE:   0 SIZE:   1.9 GB  www.UIndex.org    -    Torrente Presidente (2026) 1080p WEBRip 5.1-WORLD
     qBit vivo: QBT_VIVO | seeds=3 peers=0 | qBittorrent con seed conectado: seeds=3, peers=0, state=stalleddl
[09] RD:RD_FAIL      SCORE:   0 SIZE:   0.9 GB  www.UIndex.org    -    Torrente Presidente (2026) 720p WEBRip-WORLD
     qBit vivo: QBT_VIVO | seeds=2 peers=0 | qBittorrent descargando: 0.36 MB/s, seeds=2, peers=0
[10] RD:RD_FAIL      SCORE:   0 SIZE:   1.7 GB  www.UIndex.org    -    Torrente Presidente (2026) 1080p WEBRip x265 10bit 5.1-WORLD
     qBit vivo: QBT_VIVO | seeds=2 peers=0 | qBittorrent con seed conectado: seeds=2, peers=0, state=stalleddl
[11] RD:RD_FAIL      SCORE:   0 SIZE:   4.5 GB  www.UIndex.org    -    Torrente Presidente 2026 1080p NF WEB-DL DDP5 1 x264-SPWEB
     qBit vivo: QBT_VIVO | seeds=2 peers=0 | qBittorrent con seed conectado: seeds=2, peers=0, state=stalleddl
[12] RD:RD_FAIL      SCORE:   0 SIZE:   1.9 GB  Torrente Presidente (2026) [1080p] [WEBRip] [5.1] [YTS.GG - YTS.BZ]
     qBit vivo: QBT_VIVO | seeds=1 peers=2 | qBittorrent con seed conectado: seeds=1, peers=2, state=stalleddl
[13] RD:RD_FAIL      SCORE:   0 SIZE:   0.9 GB  Torrente Presidente (2026) [720p] [WEBRip] [YTS.GG - YTS.BZ]
     qBit vivo: QBT_VIVO | seeds=2 peers=1 | qBittorrent descargando: 0.05 MB/s, seeds=2, peers=1
[14] RD:RD_FAIL      SCORE:   0 SIZE:   1.7 GB  Torrente Presidente (2026) [1080p] [WEBRip] [x265] [10bit] [5.1] [YTS.GG - YTS.BZ]
     qBit vivo: QBT_VIVO | seeds=1 peers=0 | qBittorrent descargando: 0.00 MB/s, seeds=1, peers=0
[15] RD:PACK_SIN_COINCIDENCIA SCORE:   0 SIZE:   0.0 GB  Torrente Presidente (DonTorrent)
     qBit vivo: QBT_VIVO | seeds=2 peers=0 | qBittorrent descargando: 0.10 MB/s, seeds=2, peers=0
[16] RD:RD_FAIL      SCORE:   0 SIZE:   1.9 GB  Torrente Presidente BDrip XviD Castellano
     qBit vivo: QBT_VIVO | seeds=3 peers=0 | qBittorrent con seed conectado: seeds=3, peers=0, state=stalleddl
[17] RD:RD_FAIL      SCORE:   0 SIZE:   1.5 GB  Torrente Presidente 2026 1080p (DUAL) WEB-DL HEVC x265 5.1 BONE.mkv
     qBit vivo: QBT_VIVO | seeds=1 peers=0 | qBittorrent descargando: 0.15 MB/s, seeds=1, peers=0
[18] RD:RD_FAIL      SCORE:   0 SIZE:   2.3 GB  Torrente Presidente (2026) (Spanish Subs) Web-Dl 1080P x264-Eac3 By Scorpion-Xusman (Nocturniap
     qBit vivo: QBT_VIVO | seeds=2 peers=0 | qBittorrent con seed conectado: seeds=2, peers=0, state=stalleddl
[19] RD:NO_INSTANT   SCORE:   0 SIZE:   1.1 GB  Torrente 6 Presidente (2026) HdTScr castellano
     qBit vivo: QBT_VIVO | seeds=1 peers=1 | qBittorrent descargando: 0.21 MB/s, seeds=1, peers=1
[20] RD:RD_FAIL      SCORE: -70 SIZE:   5.7 GB  Torrente Presidente [2026] Cam YG
     qBit vivo: QBT_VIVO | seeds=1 peers=0 | qBittorrent con seed conectado: seeds=1, peers=0, state=stalleddl
[21] RD:RD_FAIL      SCORE: -70 SIZE:   2.3 GB  Torrente Presidente (2026).mkv
     qBit vivo: QBT_VIVO | seeds=2 peers=0 | qBittorrent con seed conectado: seeds=2, peers=0, state=stalleddl
========================================================================
Elige: 1 | 1,4,7 | A=todos los válidos RD | T=todos mostrados RD/qBit | S=salir
Resultados guardados para el Editor: 21
Real-Debrid temporal limpio: 9 id(s) revisado(s).

RESULTADOS LISTOS. Escribe abajo 1, 1,3, A, T o S y pulsa Enviar.
