
--- ARRANQUE MOTOR BTDIGG RD ---
BTDigg + RD - opción 1 limpia
Búsqueda: Whistle
Páginas: 1
Modo: 0


Navegador automático página 1 (1/1):
  https://en.btdig.com/search?q=whistle&p=0
  BTDigg Chrome TLS: 10 magnets encontrados

Encontrados 10 resultados brutos. Filtrando...

Aspiradora terminada: 10 resultados únicos encontrados.
Modo sin filtro: no descarto por idioma/calidad y no ordeno por calidad/tamano; solo penalizo basura.
Criba búsqueda seria: 4/10 coinciden en el mismo título/archivo.
Descartados antes de verificar por no coincidir: 6

Comprobando token Real-Debrid...
Token Real-Debrid OK: exmelenas

Consultando Real-Debrid cache/instantáneo...

Aviso: Real-Debrid tiene desactivada instantAvailability.
Paso serio: verifico de verdad con addMagnet los 4 mejores candidatos.
  Verificando 1/4: Embertone - Shire Whistle (Kontakt)
  Verificando 2/4: Embertone Shire Whistle
  Verificando 3/4: Whistle!
  Verificando 4/4: Whistle 31 - 39 FIN VOSTFR 1080p

Resumen RD: NO_INSTANT=4

qBit: probando 4 candidatos extra (4 a la vez, 35s máximo).
qBit progreso: 2/4 comprobados | vivos 0
qBit progreso: 4/4 comprobados | vivos 0
Resultados válidos para JDownloader/RD: 0/4
Lista extra qBittorrent vivos reales: 0

========================================================================
 TOP LIMPIO
========================================================================
No hay resultados limpios.
Resultados guardados para el Editor: 0
Real-Debrid temporal limpio: 0 id(s) revisado(s).

RESULTADOS LISTOS. Escribe abajo 1, 1,3, A, T o S y pulsa Enviar.
