
--- ARRANQUE MOTOR BTDIGG RD ---
BTDigg + RD - opción 1 limpia
Búsqueda: 2160p
Páginas: 1-3
Modo: 0


Navegador automático página 1 (1/3):
  https://en.btdig.com/search?q=2160p&p=0
  Rescate DOM: 10 magnets encontrados

Navegador automático página 2 (2/3):
  https://en.btdig.com/search?q=2160p&p=1
  Rescate DOM falló: Command '['/usr/bin/chromium', '--headless=new', '--no-sandbox', '--disable-dev-shm-usage', '--disable-gpu', '--window-size=1600,1200', '--user-agent=Mozilla/5.0 (Windows NT 10.0; Win64; x64) AppleWebKit/537.36 (KHTML, like Gecko) Chrome/124 Safari/537.36', '--dump-dom', 'https://en.btdig.com/search?q=2160p&p=1']' timed out after 45 seconds

Navegador automático página 3 (3/3):
  https://en.btdig.com/search?q=2160p&p=2
  Rescate DOM falló: Command '['/usr/bin/chromium', '--headless=new', '--no-sandbox', '--disable-dev-shm-usage', '--disable-gpu', '--window-size=1600,1200', '--user-agent=Mozilla/5.0 (Windows NT 10.0; Win64; x64) AppleWebKit/537.36 (KHTML, like Gecko) Chrome/124 Safari/537.36', '--dump-dom', 'https://en.btdig.com/search?q=2160p&p=2']' timed out after 45 seconds
  Corto: dos páginas seguidas sin magnets.

Encontrados 10 resultados brutos. Filtrando...

Aspiradora terminada: 10 resultados únicos encontrados.
Modo sin filtro: no descarto por idioma/calidad, pero SÍ ordeno por calidad.
Criba búsqueda seria: 10/10 coinciden en el mismo título/archivo.

Comprobando token Real-Debrid...
Token Real-Debrid OK: exmelenas

Consultando Real-Debrid cache/instantáneo...

Aviso: Real-Debrid tiene desactivada instantAvailability.
Paso serio: verifico de verdad con addMagnet los 10 mejores candidatos.
  Verificando 1/10: 黑色五叶草
  Verificando 8/10: Blacked-Entire-Site-2024-[titflix.ca]
  Verificando 4/10: Blacked-4K-Entire-Site-
  Verificando 10/10: 277.Shingeki no Kyojin [MAI] [Ma10p_2160p]
  Verificando 7/10: Shut.Eye.S01.2160p.WEB.H265-DEFLATE
  Verificando 2/10: Blacked-4K-Entire-Site-RIP-[titflix.ca]
  Verificando 9/10: Blacked-Entire-Site-2024-[titflix.ca]
  Verificando 3/10: Blacked-4K-Entire-Site-
  Verificando 6/10: The.Haunting.of.Hill.House.S01.2160p.WEBRip.X265-DEFLATE
  Verificando 5/10: 空之境界 [Kamigami&MAI] [Ma10p_2160p]/[MAI] Kara no Kyoukai - 05 - Mujun Rasen [矛盾螺旋] MA10p_2160p][x265_

Resumen RD: NO_INSTANT=3 | PACK_SIN_COINCIDENCIA=6 | RD_FAIL=1

qBit: probando 10 candidatos extra (4 a la vez, 16s máximo).
qBit progreso: 2/10 comprobados | vivos 0
qBit progreso: 4/10 comprobados | vivos 0
qBit vivo 5/10: QBT_VIVO - Blacked-Entire-Site-2024-[titflix.ca]
qBit progreso: 6/10 comprobados | vivos 1
qBit progreso: 8/10 comprobados | vivos 1
qBit progreso: 10/10 comprobados | vivos 1
Resultados válidos para JDownloader/RD: 0/10
Lista extra qBittorrent vivos reales: 1

========================================================================
 TOP LIMPIO
========================================================================
[01] RD:PACK_SIN_COINCIDENCIA SCORE:   0 SIZE:4099.2 GB  Blacked-Entire-Site-2024-[titflix.ca]
     qBit vivo: QBT_VIVO | seeds=0 peers=5 | qBittorrent ya tiene progreso real: progress=0.000, availability=0.00, state=stalleddl
========================================================================
Elige: 1 | 1,4,7 | A=todos los válidos RD | T=todos mostrados RD/qBit | S=salir
Resultados guardados para el Editor: 1
Real-Debrid temporal limpio: 1 id(s) revisado(s).

RESULTADOS LISTOS. Escribe abajo 1, 1,3, A, T o S y pulsa Enviar.
