
--- ARRANQUE MOTOR BTDIGG RD ---
BTDigg + RD - opción 1 limpia
Búsqueda: Whistle
Páginas: 1-2
Modo: 3


Navegador automático página 1 (1/2):
  https://en.btdig.com/search?q=whistle&p=0
  BTDigg Chrome TLS: 10 magnets encontrados

Navegador automático página 2 (2/2):
  https://en.btdig.com/search?q=whistle&p=1
  BTDigg Chrome TLS: 10 magnets encontrados

Encontrados 20 resultados brutos. Filtrando...

Aspiradora terminada: 20 resultados únicos encontrados.
Filtro aplicado: 1/20 siguen como candidatos.
Criba búsqueda seria: 0/1 coinciden en el mismo título/archivo.
Descartados antes de verificar por no coincidir: 1
Resultados válidos para JDownloader/RD: 0/0
Lista extra qBittorrent vivos reales: 0

========================================================================
 TOP LIMPIO
========================================================================
No hay resultados limpios.
Resultados guardados para el Editor: 0
Real-Debrid temporal limpio: 0 id(s) revisado(s).

RESULTADOS LISTOS. Escribe abajo 1, 1,3, A, T o S y pulsa Enviar.
