
--- ARRANQUE MOTOR BTDIGG RD ---
BTDigg + RD - opción 1 limpia
Búsqueda: Mr Holiday
Páginas: 1-5
Modo: 1


Navegador automático página 1 (1/5):
  https://en.btdig.com/search?q=mr%20holiday&p=0
  BTDigg Chrome TLS: 10 magnets encontrados

Navegador automático página 2 (2/5):
  https://en.btdig.com/search?q=mr%20holiday&p=1
  BTDigg Chrome TLS: 10 magnets encontrados

Navegador automático página 3 (3/5):
  https://en.btdig.com/search?q=mr%20holiday&p=2
  BTDigg Chrome TLS: 10 magnets encontrados

Navegador automático página 4 (4/5):
  https://en.btdig.com/search?q=mr%20holiday&p=3
  BTDigg Chrome TLS: 10 magnets encontrados

Navegador automático página 5 (5/5):
  https://en.btdig.com/search?q=mr%20holiday&p=4
  BTDigg Chrome TLS: 10 magnets encontrados

Rescate calidad BTDigg: Mr Holiday 2160p (paginas 1)

Navegador automático página 1 (1/1):
  https://en.btdig.com/search?q=mr%20holiday%202160p&p=0
  BTDigg Chrome TLS: 10 magnets encontrados

Encontrados 59 resultados brutos. Filtrando...

Aspiradora terminada: 59 resultados únicos encontrados.
Filtro aplicado: 4/59 siguen como candidatos.
Criba búsqueda seria: 4/4 coinciden en el mismo título/archivo.

Comprobando token Real-Debrid...
Token Real-Debrid OK: exmelenas

Consultando Real-Debrid cache/instantáneo...

Aviso: Real-Debrid tiene desactivada instantAvailability.
Paso serio: verifico de verdad con addMagnet los 4 mejores candidatos.
  Verificando 2/4: [蓝光高清网]憨豆的黄金周. Mr .Bean's. Holiday .2007. 2160p .HQ.WEB-DL.H265.DDP5.1.2Audio[中字]-4kii.net [蓝光高清网]憨豆
  Verificando 1/4: 【高清影视之家发布 www.HDBTHD.com】憨豆的黄金周[高码版][国英多音轨+中文字幕]. Mr .Bean's. Holiday .2007. 2160p .HQ.WEB-DL.H265.D
  Verificando 4/4: lor:rgb(0, 0, 0)"> 憨豆的黄金周[4KHDR.CN] Mr .Bean's. Holiday .2007. 2160p .HQ.WEB-DL.H265.DDP5.1.2Audio[中
  Verificando 3/4: [Hao4K]憨豆的黄金周. Mr .Bean's. Holiday .2007. 2160p .HQ.WEB-DL.H265.DDP5.1.2Audio[中字]-4ksj.net [Hao4K]憨豆

Resumen RD: NO_INSTANT=2 | RD_FAIL=2

qBit: probando 4 candidatos extra (4 a la vez, 35s máximo).
qBit progreso: 2/4 comprobados | vivos 0
qBit progreso: 4/4 comprobados | vivos 0
Resultados válidos para JDownloader/RD: 0/4
Lista extra qBittorrent vivos reales: 0

========================================================================
 TOP LIMPIO
========================================================================
No hay resultados limpios.
Resultados guardados para el Editor: 0
Real-Debrid temporal limpio: 0 id(s) revisado(s).

RESULTADOS LISTOS. Escribe abajo 1, 1,3, A, T o S y pulsa Enviar.
