
--- ARRANQUE MOTOR BTDIGG RD ---
BTDigg + RD - opción 1 limpia
Búsqueda: Max Payne
Páginas: 1-10
Modo: 3


Navegador automático página 1 (1/10):
  https://en.btdig.com/search?q=max%20payne&p=0
  BTDigg Chrome TLS: 10 magnets encontrados

Navegador automático página 2 (2/10):
  https://en.btdig.com/search?q=max%20payne&p=1
  BTDigg Chrome TLS: 10 magnets encontrados

Navegador automático página 3 (3/10):
  https://en.btdig.com/search?q=max%20payne&p=2
  BTDigg Chrome TLS: 10 magnets encontrados

Navegador automático página 4 (4/10):
  https://en.btdig.com/search?q=max%20payne&p=3
  BTDigg Chrome TLS: 10 magnets encontrados

Navegador automático página 5 (5/10):
  https://en.btdig.com/search?q=max%20payne&p=4
  BTDigg Chrome TLS: 10 magnets encontrados

Navegador automático página 6 (6/10):
  https://en.btdig.com/search?q=max%20payne&p=5
  BTDigg Chrome TLS: 10 magnets encontrados

Navegador automático página 7 (7/10):
  https://en.btdig.com/search?q=max%20payne&p=6
  BTDigg Chrome TLS: 10 magnets encontrados

Navegador automático página 8 (8/10):
  https://en.btdig.com/search?q=max%20payne&p=7
  BTDigg Chrome TLS: 10 magnets encontrados

Navegador automático página 9 (9/10):
  https://en.btdig.com/search?q=max%20payne&p=8
  BTDigg Chrome TLS: 10 magnets encontrados

Navegador automático página 10 (10/10):
  https://en.btdig.com/search?q=max%20payne&p=9
  BTDigg Chrome TLS: 10 magnets encontrados

Encontrados 100 resultados brutos. Filtrando...

Aspiradora terminada: 100 resultados únicos encontrados.
Filtro aplicado: 1/100 siguen como candidatos.
Criba búsqueda seria: 1/1 coinciden en el mismo título/archivo.

Comprobando token Real-Debrid...
Token Real-Debrid OK: exmelenas

Consultando Real-Debrid cache/instantáneo...

Aviso: Real-Debrid tiene desactivada instantAvailability.
Paso serio: verifico de verdad con addMagnet los 1 mejores candidatos.
  Verificando 1/1: [XBOX360E]Max Payne 2 The Fall Of Max Payne

Resumen RD: RD_FAIL=1
Resultados válidos para JDownloader/RD: 0/1
Lista extra qBittorrent vivos reales: 0

========================================================================
 TOP LIMPIO
========================================================================
No hay resultados limpios.
Resultados guardados para el Editor: 0
Real-Debrid temporal limpio: 0 id(s) revisado(s).

RESULTADOS LISTOS. Escribe abajo 1, 1,3, A, T o S y pulsa Enviar.
