
--- ARRANQUE MOTOR BTDIGG RD ---
BTDigg + RD - opción 1 limpia
Búsqueda: The Devil Wears Prada 2
Páginas: 1-5
Modo: 0


Navegador automático página 1 (1/5):
  https://en.btdig.com/search?q=The%20Devil%20Wears%20Prada%202&p=0
  Rescate DOM: 10 magnets encontrados

Navegador automático página 2 (2/5):
  https://en.btdig.com/search?q=The%20Devil%20Wears%20Prada%202&p=1
  Rescate DOM: 10 magnets encontrados

Navegador automático página 3 (3/5):
  https://en.btdig.com/search?q=The%20Devil%20Wears%20Prada%202&p=2
  Rescate DOM: 10 magnets encontrados

Navegador automático página 4 (4/5):
  https://en.btdig.com/search?q=The%20Devil%20Wears%20Prada%202&p=3
  Rescate DOM: 10 magnets encontrados

Navegador automático página 5 (5/5):
  https://en.btdig.com/search?q=The%20Devil%20Wears%20Prada%202&p=4
  Rescate DOM: 10 magnets encontrados

Rescate calidad BTDigg: The Devil Wears Prada 2 2160p (paginas 1)

Navegador automático página 1 (1/1):
  https://en.btdig.com/search?q=The%20Devil%20Wears%20Prada%202%202160p&p=0
  Rescate DOM: 10 magnets encontrados

Encontrados 52 resultados brutos. Filtrando...

Aspiradora terminada: 52 resultados únicos encontrados.
Modo sin filtro: no descarto por idioma/calidad, pero SÍ ordeno por calidad.
Criba búsqueda seria: 52/52 coinciden en el mismo título/archivo.

Comprobando token Real-Debrid...
Token Real-Debrid OK: exmelenas

Consultando Real-Debrid cache/instantáneo...

Aviso: Real-Debrid tiene desactivada instantAvailability.
Paso serio: verifico de verdad con addMagnet los 52 mejores candidatos.
  Verificando 1/52: The.Devil.Wears.Prada.2.2026.2160p.WEB-DL.DV.HDR10 .MULTi.FRE.ITA.LAT.RUS.H265.MP4-BEN.THE.MEN
  Verificando 20/52: The.Devil.Wears.Prada.2.2026.1080p.DCP.WEBRIP.AC3.x264-AOC
  RD OK 43/52: The Devil Wears Prada 2 - [2026].mp4
  Verificando 18/52: www.UIndex.org    -    The Devil Wears Prada 2 2026 1080p WebRip EAC3 5 1 x265-Lootera
  Verificando 46/52: Lady Gaga, Doechii & SIENNA SPIRO – The Devil Wears Prada 2 (Music From The Motion Picture) Pop  (20
  Verificando 47/52: the_devil_wears_prada-2
  Verificando 6/52: www.UIndex.org    -    The Devil Wears Prada 2 2026 1080p 10bit WEBRip 6CH x265 HEVC-PSA
  RD OK 34/52: Subs/video.mkv
  Verificando 49/52: The.Devil.Wears.Prada.2.2026.1080P.WEB.H264-TRB
  Verificando 38/52: The.Devil.Wears.Prada.2.2026.720p.AMZN.WEB-DL.DDP5.1.H.264-KyoGo
  Verificando 44/52: The.Devil.Wears.Prada.2.2026.HDR.2160P.WEB.H265.REPACK-TRB
  Verificando 15/52: the.devil.wears.prada.2.2026.2160p.web.h265-poke.mkv
  Verificando 5/52: The.Devil.Wears.Prada.2.2026.PLSUB.1080p.10bit.WEB-DL.DDP5.1.x265.HEVC-AdL
  Verificando 12/52: www.UIndex.org    -    The Devil Wears Prada 2 (2026) 1080p WEBRip x265 10bit 5.1-LAMA
  RD OK 50/52: The.Devil.Wears.Prada.2.2026.V2.1080p.CAM.x264.ENG ESP-€lon_EaZy.mkv
  Verificando 30/52: The.Devil.Wears.Prada.2.2026.1080p.WEBRip.x264.AAC5.1-[YTS.GG - YTS.BZ]
  RD OK 51/52: The.Devil.Wears.Prada.2.2026.V2.1080p.CAM.x264.ENG ESP-€lon_EaZy.mkv
  Verificando 48/52: the_devil_wears_prada-2
  Verificando 27/52: The.Devil.Wears.Prada.2.2026.WEB-DL.1080p.X264
  Verificando 40/52: The.Devil.Wears.Prada.2.2026.WEBRip.x264.DD5.1-MiNiHD.mkv
  RD OK 33/52: The.Devil.Wears.Prada.2.2026.1080p.WEB.DCPRip.x264-SOFSJ.mkv
  Verificando 39/52: The.Devil.Wears.Prada.2.2026.WEB-DLRip-New-Team
  Verificando 32/52: www.UIndex.org    -    The Devil Wears Prada 2 2026 720p MA WEB-DL DDP5 1 Atmos H 264-BYNDR
  RD OK 8/52: The.Devil.Wears.Prada.2.2026.MULTi.VF2.HDR.2160p.WEB.H265-SUPPLY.mkv
  Verificando 2/52: The.Devil.Wears.Prada.2.2026.1080p.WEBRip.10Bit.DDP5.1.x265.Multi.mkv
  Verificando 31/52: www.UIndex.org    -    The Devil Wears Prada 2 (2026) 1080p WEBRip 5.1-LAMA
  RD OK 36/52: The.Devil.Wears.Prada.2.2026.1080p.DCPRip.x264-FS_FFB.mkv
  RD OK 10/52: the.devil.wears.prada.2.2026.hdr.2160p.web.h265.repack-poke.mkv
  Verificando 23/52: www.UIndex.org    -    The Devil Wears Prada 2 2026 1080p AMZN WEB-DL-Ben The Men
  Verificando 4/52: The.Devil.Wears.Prada.2.2026.2160p.HDR10Plus.DV.WEBRip.6CH.x265.HEVC-PSA
  Verificando 25/52: www.UIndex.org    -    The Devil Wears Prada 2 2026 1080p AMZN WEB-DL DDP5 1 H 264-KyoGo
  RD OK 52/52: The.Devil.Wears.Prada.2.2026.1080p.Telesync.h265.Latino YG.mkv
  Verificando 26/52: The.Devil.Wears.Prada.2.2026.1080p.AMZN.WEB-DL.DDP5.1.H.264-KyoGo
  RD OK 9/52: the.devil.wears.prada.2.2026.hdr.2160p.web.h265.repack-poke.mkv
  Verificando 13/52: The Devil Wears Prada 2 (2026) [1080p] [WEBRip] [x265] [10bit] [5.1] [YTS.GG - YTS.BZ]
  Verificando 3/52: Ďábel.nosí.Pradu.2.The.Devil.Wears.Prada.2.(2026)[2160p][WEB-DL][HDR].=.CSFD.64%
  Verificando 28/52: Ďábel.nosí.Pradu.2.The.Devil.Wears.Prada.2.(2026)[WebRip][1080p].=.CSFD.64%
  Verificando 11/52: www.UIndex.org    -    The Devil Wears Prada 2 2026 1080p WEB-DL HEVC x265 5 1-BONE
  Verificando 16/52: www.UIndex.org    -    The Devil Wears Prada 2 2026 1080p MA WEB-DL DDP5 1 Atmos H 264-BYNDR
  Verificando 45/52: The.Devil.Wears.Prada.2.2026.2160P.WEB.H265-TRB
  RD OK 22/52: The.Devil.Wears.Prada.2.1080p.WEB-DL.H.264.Dual YG.mkv
  Verificando 42/52: The Devil Wears Prada 2 [720p] [Napisy PL]
  Verificando 7/52: The.Devil.Wears.Prada.2.2026.1080p.10bit.WEBRip.6CH.x265.HEVC-PSA
  Verificando 41/52: www.UIndex.org    -    The.Devil.Wears.Prada.2.2026.720P.WEB.H264-POKE
  Verificando 19/52: www.UIndex.org    -    The Devil Wears Prada 2 2026 1080p WEBRip x265-DH
  Verificando 21/52: The.Devil.Wears.Prada.2.2026.1080p.DCP.WEBRIP.AC3.x264-AOC
  Verificando 35/52: www.UIndex.org    -    The.Devil.Wears.Prada.2.2026.1080P.WEB.H264-POKE
  Verificando 24/52: The.Devil.Wears.Prada.2.2026.1080p.AMZN.WEB-DL.DDP5.1.H.264.MP4-BEN.THE.MEN
  Verificando 17/52: www.UIndex.org    -    The Devil Wears Prada 2 2026 720p 10bit WEBRip 6CH x265 HEVC-PSA
  RD OK 37/52: The.Devil.Wears.Prada.2.2026.DCPRip.1080p-SOFCJ.mp4
  Verificando 14/52: www.UIndex.org    -    The Devil Wears Prada 2 2026 1080p WEBRip 10Bit DDP5 1 x265-NeoNoir
  Verificando 29/52: The Devil Wears Prada 2 (2026) 1080p WEBRip 5.1-LAMA

Resumen RD: NO_INSTANT=5 | PACK_SIN_COINCIDENCIA=2 | RD_FAIL=33 | RD_OK=12

qBit: probando 15 candidatos extra (4 a la vez, 16s máximo).
qBit vivo 1/15: QBT_VIVO - Ďábel.nosí.Pradu.2.The.Devil.Wears.Prada.2.(2026)[2160p][WEB-DL][HDR].=.CSFD.64%
qBit vivo 2/15: QBT_VIVO - The.Devil.Wears.Prada.2.2026.1080p.WEBRip.10Bit.DDP5.1.x265.Multi.mkv
qBit vivo 3/15: QBT_VIVO - The.Devil.Wears.Prada.2.2026.2160p.WEB-DL.DV.HDR10 .MULTi.FRE.ITA.LAT.RUS.H265.MP4-BEN.THE.MEN
qBit vivo 4/15: QBT_VIVO - The.Devil.Wears.Prada.2.2026.2160p.HDR10Plus.DV.WEBRip.6CH.x265.HEVC-PSA

Cancelado por el usuario. Limpieza terminada.
