
--- ARRANQUE MOTOR BTDIGG RD ---
BTDigg + RD - opción 1 limpia
Búsqueda: Pillion
Páginas: 1
Modo: 0


Navegador automático página 1 (1/1):
  https://en.btdig.com/search?q=Pillion&p=0
  Rescate DOM: 10 magnets encontrados

Encontrados 10 resultados brutos. Filtrando...

Aspiradora terminada: 10 resultados únicos encontrados.
Modo sin filtro: no descarto por idioma/calidad, pero SÍ ordeno por calidad.
Criba búsqueda seria: 9/10 coinciden en el mismo título/archivo.
Rescate RD pendiente por titulo/pack dudoso: 1

Comprobando token Real-Debrid...
Token Real-Debrid OK: exmelenas

Consultando Real-Debrid cache/instantáneo...

Aviso: Real-Debrid tiene desactivada instantAvailability.
Paso serio: verifico de verdad con addMagnet los 9 mejores candidatos.
  Verificando 1/9: Pillion.2025.Webrip.Hin.Dub.1Xbet
  Verificando 7/9: Pillion.2025.WEBRip.BEN.DUB.1XBET
  Verificando 8/9: www.UIndex.org    -    Pillion (2025) 1080p WEBRip 5.1-LAMA
  Verificando 3/9: www.UIndex.org    -    Pillion 2025 1080p 10bit WEBRip 6CH X265 HEVC-PSA
  Verificando 4/9: www.UIndex.org    -    Pillion 2025 1080p WEBRip x265-DH
  Verificando 5/9: Pillion (2025) AMZN WEB-DL 1080p x265 EAC3 DDP 5.1-InChY
  RD OK 9/9: Pillion 2025 1080p WEB EN-RGB.mkv
  Verificando 6/9: Pillion (2025) (1080p AMZN WEB-DL H264 SDR DDP 5.1 English - HONE)
  Verificando 2/9: www.UIndex.org    -    Pillion (2025) 720p WEBRip-LAMA

Resumen RD: RD_FAIL=8 | RD_OK=1

qBit: probando 8 candidatos extra (4 a la vez, 16s máximo).
qBit vivo 1/8: QBT_VIVO - www.UIndex.org    -    Pillion (2025) 720p WEBRip-LAMA
qBit vivo 2/8: QBT_VIVO - www.UIndex.org    -    Pillion 2025 1080p WEBRip x265-DH
qBit vivo 3/8: QBT_VIVO - www.UIndex.org    -    Pillion 2025 1080p 10bit WEBRip 6CH X265 HEVC-PSA
qBit progreso: 4/8 comprobados | vivos 3
qBit progreso: 6/8 comprobados | vivos 3
qBit progreso: 8/8 comprobados | vivos 3
Resultados válidos para JDownloader/RD: 1/9
Lista extra qBittorrent vivos reales: 3

========================================================================
 TOP LIMPIO
========================================================================
[01] RD:OK           SCORE:  36 SIZE:   6.1 GB  www.UIndex.org    -    Pillion 2025 1080p WEB EN-RGB  ==>  /Pillion 2025 1080p WEB EN-RGB.mkv
     archivo RD: /Pillion 2025 1080p WEB EN-RGB.mkv (6.1 GB)
[02] RD:RD_FAIL      SCORE:  65 SIZE:   1.0 GB  www.UIndex.org    -    Pillion (2025) 720p WEBRip-LAMA
     qBit vivo: QBT_VIVO | seeds=1 peers=1 | qBittorrent con seed conectado: seeds=1, peers=1, state=stalleddl
[03] RD:RD_FAIL      SCORE:  62 SIZE:   1.7 GB  www.UIndex.org    -    Pillion 2025 1080p 10bit WEBRip 6CH X265 HEVC-PSA
     qBit vivo: QBT_VIVO | seeds=1 peers=9 | qBittorrent con seed conectado: seeds=1, peers=9, state=stalleddl
[04] RD:RD_FAIL      SCORE:  61 SIZE:   4.9 GB  www.UIndex.org    -    Pillion 2025 1080p WEBRip x265-DH
     qBit vivo: QBT_VIVO | seeds=1 peers=9 | qBittorrent descargando: 0.02 MB/s, seeds=1, peers=9
========================================================================
Elige: 1 | 1,4,7 | A=todos los válidos RD | T=todos mostrados RD/qBit | S=salir
Resultados guardados para el Editor: 4
Real-Debrid temporal limpio: 1 id(s) revisado(s).

RESULTADOS LISTOS. Escribe abajo 1, 1,3, A, T o S y pulsa Enviar.
