
--- ARRANQUE MOTOR BTDIGG RD ---
BTDigg + RD - opción 1 limpia
Búsqueda: Max Payne
Páginas: 1-5
Modo: 0


Navegador automático página 1 (1/5):
  https://en.btdig.com/search?q=max%20payne&p=0
  BTDigg Chrome TLS: 10 magnets encontrados

Navegador automático página 2 (2/5):
  https://en.btdig.com/search?q=max%20payne&p=1
  BTDigg Chrome TLS: 10 magnets encontrados

Navegador automático página 3 (3/5):
  https://en.btdig.com/search?q=max%20payne&p=2
  BTDigg Chrome TLS: 10 magnets encontrados

Navegador automático página 4 (4/5):
  https://en.btdig.com/search?q=max%20payne&p=3
  BTDigg Chrome TLS: 10 magnets encontrados

Navegador automático página 5 (5/5):
  https://en.btdig.com/search?q=max%20payne&p=4
  BTDigg Chrome TLS: 10 magnets encontrados

Encontrados 50 resultados brutos. Filtrando...

Aspiradora terminada: 50 resultados únicos encontrados.
Modo sin filtro: no descarto por idioma/calidad y no ordeno por calidad/tamano; solo penalizo basura.
Criba búsqueda seria: 49/50 coinciden en el mismo título/archivo.
Descartados antes de verificar por no coincidir: 1

Comprobando token Real-Debrid...
Token Real-Debrid OK: exmelenas

Consultando Real-Debrid cache/instantáneo...

Aviso: Real-Debrid tiene desactivada instantAvailability.
Paso serio: verifico de verdad con addMagnet los 49 mejores candidatos.
  Verificando 1/49: Max.Payne.3-SKIDROW
  Verificando 23/49: Max Payne 2 The Fall of Max Payne
  Verificando 44/49: Max Payne 1 & 2 (The Collector
  Verificando 20/49: Max Payne3
  Verificando 14/49: Max.Payne.3.RF.XBOX360-XPG
  Verificando 3/49: Max.Payne.3.RF.XBOX360-XPG
  Verificando 33/49: Max.Payne.3.RF.XBOX360-XPG
  Verificando 28/49: Max.Payne
  Verificando 21/49: Max.Payne.2008.R5.PROPER.CUSTOM.SWESUB.DVDR-iNjECT
  Verificando 27/49: Max.Payne
  Verificando 24/49: Max Payne - Triple Pack
  Verificando 15/49: Max.Payne.3.RF.XBOX360
  Verificando 4/49: Max.Payne.3.RF.XBOX360-XPG
  Verificando 11/49: Max.Payne.3.RF.XBOX360-XPG
  Verificando 5/49: Max.Payne.3.RF.XBOX360-XPG
  Verificando 47/49: Max Payne 1 & 2 (The Collector
  Verificando 6/49: Max.Payne.3.RF.XBOX360-XPG
  Verificando 38/49: Max Payne 2 - The Fall Of Max Payne
  Verificando 25/49: Max Payne 2 The Fall Of Max Payne v1.01 Manuel Pc Fr Eng
  Verificando 46/49: Max Payne 1 & 2 (The Collector
  Verificando 2/49: Max.Payne.3.RF.XBOX360-XPG
  Verificando 40/49: Max.Payne.3.STEAM.UNLOCKED-ALI213
  Verificando 12/49: Max.Payne.3.RF.XBOX360-XPG
  Verificando 49/49: Max Payne 1 & 2 (The Collector
  Verificando 48/49: Max Payne 1 & 2 (The Collector
  Verificando 43/49: Max Payne 1 & 2 (The Collector
  Verificando 42/49: Max Payne 1&2-zetoo
  Verificando 13/49: Max.Payne.3.RF.XBOX360-XPG
  Verificando 18/49: Max.Payne.3.RF.XBOX360-XPG
  Verificando 36/49: Max.Payne.3.RF.XBOX360-XPG
  Verificando 32/49: max payne
  Verificando 16/49: Max Payne 3
  Verificando 17/49: Max.Payne.3.RF.XBOX360-XPG
  Verificando 39/49: Max.Payne.2.The.Fall.Of.Max.Payne_Conversione.ENG.to.ITA
  Verificando 19/49: Max.Payne.3.RF.XBOX360-XPG
  Verificando 30/49: Max.Payne.Expansion.Chinese.GB2312_马克思佩恩之英雄本色功夫加强版简体中文版
  Verificando 41/49: Max Payne 1 & 2 (The Collector
  Verificando 29/49: www.ubb.to...Max.Payne.German.720p.BluRay.x264-DEFUSED
  Verificando 45/49: Max Payne 1 & 2 (The Collector
  Verificando 35/49: Max Payne 3 [MULTI][XBOX360][Region Free][2DVDs][XDG3][XPG][WwW.GamesTorrents.CoM]
  Verificando 31/49: Max.Payne.Expansion.Chinese.GB2312_马克思佩恩之英雄本色功夫加强版简体中文版
  Verificando 37/49: Max.Payne.2.the.Fall.of.Max.Payne.MULTi2.PAL-Thrombozyt
  Verificando 10/49: Max.Payne.3.RF.XBOX360-ALI213
  Verificando 9/49: Max.Payne.3.RF.XBOX360-XPG
  Verificando 22/49: Max.Payne.2008.UNRATED.CUSTOM.SWESUB.DVDR-iNjECT
  Verificando 26/49: Max.Payne.2008.HUN.DVDRip.XviD-Bithorlo
  Verificando 7/49: Max.Payne.3.RF.XBOX360-XPG
  Verificando 34/49: Max.Payne.3.RF.XBOX360-XPG
  Verificando 8/49: Max.Payne.3.RF.XBOX360-XPG

Resumen RD: NO_INSTANT=5 | PACK_SIN_COINCIDENCIA=23 | RD_FAIL=21

qBit: probando 40 candidatos extra (5 a la vez, 35s máximo).
qBit progreso: 8/40 comprobados | vivos 0
qBit progreso: 16/40 comprobados | vivos 0
qBit progreso: 24/40 comprobados | vivos 0
qBit progreso: 32/40 comprobados | vivos 0
qBit progreso: 40/40 comprobados | vivos 0
Resultados válidos para JDownloader/RD: 0/49
Lista extra qBittorrent vivos reales: 0

========================================================================
 TOP LIMPIO
========================================================================
No hay resultados limpios.
Resultados guardados para el Editor: 0
Real-Debrid temporal limpio: 0 id(s) revisado(s).

RESULTADOS LISTOS. Escribe abajo 1, 1,3, A, T o S y pulsa Enviar.
