
--- ARRANQUE MOTOR BTDIGG RD ---
BTDigg + RD - opción 1 limpia
Búsqueda: Torrente
Páginas: 1
Modo: 0


Navegador automático página 1 (1/1):
  https://en.btdig.com/search?q=torrente&p=0
  BTDigg Chrome TLS: 10 magnets encontrados

Encontrados 10 resultados brutos. Filtrando...

Aspiradora terminada: 10 resultados únicos encontrados.
Modo sin filtro: no descarto por idioma/calidad y no ordeno por calidad/tamano; solo penalizo basura.
Criba búsqueda seria: 10/10 coinciden en el mismo título/archivo.

Comprobando token Real-Debrid...
Token Real-Debrid OK: exmelenas

Consultando Real-Debrid cache/instantáneo...

Aviso: Real-Debrid tiene desactivada instantAvailability.
Paso serio: verifico de verdad con addMagnet los 10 mejores candidatos.
  Verificando 1/10: Torrente.4.Lethal.Crisis.2011.Hun.PAL.DVDR-Gazdi
  Verificando 4/10: Torrente.PCCD.Spanish.By.Vampire.For.wWw.GaMesFive.NeT
  Verificando 6/10: Torrente.4-Lethal.Crisis.2011.DVDRip.XviD.AC3-UNDEAD
  Verificando 10/10: PS3_Dirt ShowDown_PunTorrente
  Verificando 7/10: PS3_COD Black Ops_PunTorrente
  Verificando 2/10: Torrente ESP
  Verificando 5/10: Torrente.3.A.Vedelmezo.2005.DVDRip.XviD.HUN-BOSS
  Verificando 9/10: PS3_Sleeping Dogs_PunTorrente
  Verificando 8/10: Torrente.Quadrology.DVDRip.Xvid.Hun-mihok
  Verificando 3/10: Torrente.2.DVDRip.XviD.Hungarian-TvTiME

Resumen RD: NO_INSTANT=8 | RD_ERROR=1 | RD_FAIL=1
Resultados válidos para JDownloader/RD: 0/10
Lista extra qBittorrent vivos reales: 0

========================================================================
 TOP LIMPIO
========================================================================
No hay resultados limpios.
Resultados guardados para el Editor: 0
Real-Debrid temporal limpio: 0 id(s) revisado(s).

RESULTADOS LISTOS. Escribe abajo 1, 1,3, A, T o S y pulsa Enviar.
