
--- ARRANQUE MOTOR BTDIGG RD ---
BTDigg + RD - opción 1 limpia
Búsqueda: Enola Holmes 3
Páginas: 1-5
Modo: 1


Navegador automático página 1 (1/5):
  https://en.btdig.com/search?q=enola%20holmes%203&p=0
  Rescate DOM: 10 magnets encontrados

Navegador automático página 2 (2/5):
  https://en.btdig.com/search?q=enola%20holmes%203&p=1
  Rescate DOM: 10 magnets encontrados

Navegador automático página 3 (3/5):
  https://en.btdig.com/search?q=enola%20holmes%203&p=2
  Rescate DOM: 10 magnets encontrados

Navegador automático página 4 (4/5):
  https://en.btdig.com/search?q=enola%20holmes%203&p=3
  Rescate DOM: 10 magnets encontrados

Navegador automático página 5 (5/5):
  https://en.btdig.com/search?q=enola%20holmes%203&p=4
  Rescate DOM: 10 magnets encontrados

Rescate calidad BTDigg: Enola Holmes 3 2160p (paginas 1)

Navegador automático página 1 (1/1):
  https://en.btdig.com/search?q=enola%20holmes%203%202160p&p=0
  Rescate DOM: 10 magnets encontrados

Encontrados 53 resultados brutos. Filtrando...

Aspiradora terminada: 53 resultados únicos encontrados.
Filtro aplicado: 9/53 siguen como candidatos.
Criba búsqueda seria: 9/9 coinciden en el mismo título/archivo.

Comprobando token Real-Debrid...
Token Real-Debrid OK: exmelenas

Consultando Real-Debrid cache/instantáneo...

Aviso: Real-Debrid tiene desactivada instantAvailability.
Paso serio: verifico de verdad con addMagnet los 9 mejores candidatos.
  Verificando 1/9: Enola.Holmes.3.2026.MULTi.VF2.HDR.DV.2160p.WEB.H265-SUPPLY.mkv
  Verificando 4/9: Enola.Holmes.3.2026.2160p.NF.WEB-DL.DV.HDR.DDP5.1.Atmos.H265.MP4-BEN.THE.MEN
  Verificando 5/9: Enola.Holmes.3.2026.2160p.NF.WEB-DL.DDP5.1.Atmos.DV.HDR.H.265-KHN.mkv
  Verificando 6/9: [DEVIL-TORRENTS.PL] Enola.Holmes.3.2026.MULTi.2160p.NF.WEB-DL.HDR.H265.DDP5.1.Atmos-K83
  Verificando 7/9: Enola.Holmes.3.2026.2160p.NF.WEB-DL.DDP5.1.Atmos.DV.HDR.H.265-BYNDR
  Verificando 8/9: Enola.Holmes.3.2026.x265.WEB-DL.2160p.HDR-DV.mkv
  Verificando 2/9: Enola.Holmes.3.2026.MULTi.VF2.HDR.2160p.WEB.H265-FW.mkv
  Verificando 3/9: Enola Holmes 3 (2026) [4k 2160p][Esp]
  Verificando 9/9: Enola.Holmes.3.2026.HDR.2160p.WEB.h265-ETHEL.mkv

Resumen RD: NO_INSTANT=1 | PACK_SIN_COINCIDENCIA=3 | RD_FAIL=5

qBit: probando 9 candidatos extra (5 a la vez, 35s máximo).
qBit vivo 2/9: QBT_VIVO - Enola.Holmes.3.2026.2160p.NF.WEB-DL.DDP5.1.Atmos.DV.HDR.H.265-KHN.mkv
qBit vivo 3/9: QBT_VIVO - [DEVIL-TORRENTS.PL] Enola.Holmes.3.2026.MULTi.2160p.NF.WEB-DL.HDR.H265.DDP5.1.Atmos-K83
qBit vivo 4/9: QBT_VIVO - Enola.Holmes.3.2026.2160p.NF.WEB-DL.DV.HDR.DDP5.1.Atmos.H265.MP4-BEN.THE.MEN
qBit vivo 5/9: QBT_VIVO - Enola.Holmes.3.2026.2160p.NF.WEB-DL.DDP5.1.Atmos.DV.HDR.H.265-BYNDR
qBit vivo 6/9: QBT_VIVO - Enola.Holmes.3.2026.HDR.2160p.WEB.h265-ETHEL.mkv
qBit vivo 7/9: QBT_VIVO - Enola.Holmes.3.2026.x265.WEB-DL.2160p.HDR-DV.mkv
qBit vivo 8/9: QBT_VIVO - Enola.Holmes.3.2026.MULTi.VF2.HDR.2160p.WEB.H265-FW.mkv
qBit vivo 9/9: QBT_VIVO - Enola.Holmes.3.2026.MULTi.VF2.HDR.DV.2160p.WEB.H265-SUPPLY.mkv
Resultados válidos para JDownloader/RD: 0/9
Lista extra qBittorrent vivos reales: 8

========================================================================
 TOP LIMPIO
========================================================================
[01] RD:PACK_SIN_COINCIDENCIA SCORE:  40 SIZE:  15.9 GB  Enola.Holmes.3.2026.MULTi.VF2.HDR.DV.2160p.WEB.H265-SUPPLY.mkv
     qBit vivo: QBT_VIVO | seeds=1 peers=22 | qBittorrent con seed conectado: seeds=1, peers=22, state=stalleddl
[02] RD:RD_FAIL      SCORE:  40 SIZE:  15.9 GB  Enola.Holmes.3.2026.MULTi.VF2.HDR.2160p.WEB.H265-FW.mkv
     qBit vivo: QBT_VIVO | seeds=1 peers=0 | qBittorrent con seed conectado: seeds=1, peers=0, state=stalleddl
[03] RD:RD_FAIL      SCORE:  39 SIZE:  15.0 GB  Enola.Holmes.3.2026.2160p.NF.WEB-DL.DV.HDR.DDP5.1.Atmos.H265.MP4-BEN.THE.MEN
     qBit vivo: QBT_VIVO | seeds=3 peers=1 | qBittorrent con seed conectado: seeds=3, peers=1, state=stalleddl
[04] RD:RD_FAIL      SCORE:  39 SIZE:  14.8 GB  Enola.Holmes.3.2026.2160p.NF.WEB-DL.DDP5.1.Atmos.DV.HDR.H.265-KHN.mkv
     qBit vivo: QBT_VIVO | seeds=1 peers=1 | qBittorrent con seed conectado: seeds=1, peers=1, state=stalleddl
[05] RD:RD_FAIL      SCORE:  39 SIZE:  14.8 GB  [DEVIL-TORRENTS.PL] Enola.Holmes.3.2026.MULTi.2160p.NF.WEB-DL.HDR.H265.DDP5.1.Atmos-K83
     qBit vivo: QBT_VIVO | seeds=1 peers=0 | qBittorrent descargando: 0.62 MB/s, seeds=1, peers=0
[06] RD:NO_INSTANT   SCORE:  39 SIZE:  14.3 GB  Enola.Holmes.3.2026.2160p.NF.WEB-DL.DDP5.1.Atmos.DV.HDR.H.265-BYNDR
     qBit vivo: QBT_VIVO | seeds=1 peers=2 | qBittorrent con seed conectado: seeds=1, peers=2, state=stalleddl
[07] RD:RD_FAIL      SCORE:  39 SIZE:  14.3 GB  Enola.Holmes.3.2026.x265.WEB-DL.2160p.HDR-DV.mkv
     qBit vivo: QBT_VIVO | seeds=2 peers=2 | qBittorrent con seed conectado: seeds=2, peers=2, state=stalleddl
[08] RD:PACK_SIN_COINCIDENCIA SCORE:  39 SIZE:  14.2 GB  Enola.Holmes.3.2026.HDR.2160p.WEB.h265-ETHEL.mkv
     qBit vivo: QBT_VIVO | seeds=2 peers=2 | qBittorrent con seed conectado: seeds=2, peers=2, state=stalleddl
========================================================================
Elige: 1 | 1,4,7 | A=todos los válidos RD | T=todos mostrados RD/qBit | S=salir
Resultados guardados para el Editor: 8
Real-Debrid temporal limpio: 3 id(s) revisado(s).

RESULTADOS LISTOS. Escribe abajo 1, 1,3, A, T o S y pulsa Enviar.
