
--- ARRANQUE MOTOR BTDIGG RD ---
BTDigg + RD - opción 1 limpia
Búsqueda: Whistle El
Páginas: 1-10
Modo: 0


Navegador automático página 1 (1/10):
  https://en.btdig.com/search?q=whistle%20el&p=0
  BTDigg Chrome TLS: 10 magnets encontrados

Navegador automático página 2 (2/10):
  https://en.btdig.com/search?q=whistle%20el&p=1
  BTDigg Chrome TLS: 10 magnets encontrados

Navegador automático página 3 (3/10):
  https://en.btdig.com/search?q=whistle%20el&p=2
  BTDigg Chrome TLS: 10 magnets encontrados

Navegador automático página 4 (4/10):
  https://en.btdig.com/search?q=whistle%20el&p=3
  BTDigg Chrome TLS: 10 magnets encontrados

Navegador automático página 5 (5/10):
  https://en.btdig.com/search?q=whistle%20el&p=4
  BTDigg Chrome TLS: 10 magnets encontrados

Navegador automático página 6 (6/10):
  https://en.btdig.com/search?q=whistle%20el&p=5
  BTDigg Chrome TLS: 10 magnets encontrados

Navegador automático página 7 (7/10):
  https://en.btdig.com/search?q=whistle%20el&p=6
  BTDigg Chrome TLS: 10 magnets encontrados

Navegador automático página 8 (8/10):
  https://en.btdig.com/search?q=whistle%20el&p=7
  BTDigg Chrome TLS: 10 magnets encontrados

Navegador automático página 9 (9/10):
  https://en.btdig.com/search?q=whistle%20el&p=8
  BTDigg Chrome TLS: 10 magnets encontrados

Navegador automático página 10 (10/10):
  https://en.btdig.com/search?q=whistle%20el&p=9
  BTDigg Chrome TLS: 10 magnets encontrados

Cancelado por el usuario. Limpieza terminada.
