
--- ARRANQUE MOTOR BTDIGG RD ---
BTDigg + RD - opción 1 limpia
Búsqueda: Whistle
Páginas: 1-20
Modo: 3


Navegador automático página 1 (1/20):
  https://en.btdig.com/search?q=whistle&p=0
  BTDigg Chrome TLS: 10 magnets encontrados

Navegador automático página 2 (2/20):
  https://en.btdig.com/search?q=whistle&p=1
  BTDigg Chrome TLS: 10 magnets encontrados

Navegador automático página 3 (3/20):
  https://en.btdig.com/search?q=whistle&p=2
  BTDigg Chrome TLS: 10 magnets encontrados

Navegador automático página 4 (4/20):
  https://en.btdig.com/search?q=whistle&p=3
  BTDigg Chrome TLS: 10 magnets encontrados

Navegador automático página 5 (5/20):
  https://en.btdig.com/search?q=whistle&p=4
  BTDigg Chrome TLS: 10 magnets encontrados

Navegador automático página 6 (6/20):
  https://en.btdig.com/search?q=whistle&p=5
  BTDigg Chrome TLS: 10 magnets encontrados

Navegador automático página 7 (7/20):
  https://en.btdig.com/search?q=whistle&p=6
  BTDigg Chrome TLS: 10 magnets encontrados

Navegador automático página 8 (8/20):
  https://en.btdig.com/search?q=whistle&p=7
  BTDigg Chrome TLS: 10 magnets encontrados

Navegador automático página 9 (9/20):
  https://en.btdig.com/search?q=whistle&p=8
  BTDigg Chrome TLS: 10 magnets encontrados

Navegador automático página 10 (10/20):
  https://en.btdig.com/search?q=whistle&p=9
  BTDigg Chrome TLS: 10 magnets encontrados

Navegador automático página 11 (11/20):
  https://en.btdig.com/search?q=whistle&p=10
  BTDigg Chrome TLS: 10 magnets encontrados

Navegador automático página 12 (12/20):
  https://en.btdig.com/search?q=whistle&p=11
  BTDigg Chrome TLS: 10 magnets encontrados

Navegador automático página 13 (13/20):
  https://en.btdig.com/search?q=whistle&p=12
  BTDigg Chrome TLS: 10 magnets encontrados

Navegador automático página 14 (14/20):
  https://en.btdig.com/search?q=whistle&p=13
  BTDigg Chrome TLS: 10 magnets encontrados

Navegador automático página 15 (15/20):
  https://en.btdig.com/search?q=whistle&p=14
  BTDigg Chrome TLS: 10 magnets encontrados

Navegador automático página 16 (16/20):
  https://en.btdig.com/search?q=whistle&p=15
  BTDigg Chrome TLS: 10 magnets encontrados

Navegador automático página 17 (17/20):
  https://en.btdig.com/search?q=whistle&p=16
  BTDigg Chrome TLS: 10 magnets encontrados

Navegador automático página 18 (18/20):
  https://en.btdig.com/search?q=whistle&p=17
  BTDigg Chrome TLS: 10 magnets encontrados

Navegador automático página 19 (19/20):
  https://en.btdig.com/search?q=whistle&p=18
  BTDigg Chrome TLS: 10 magnets encontrados

Navegador automático página 20 (20/20):
  https://en.btdig.com/search?q=whistle&p=19
  BTDigg Chrome TLS: 10 magnets encontrados

Encontrados 200 resultados brutos. Filtrando...

Aspiradora terminada: 200 resultados únicos encontrados.
Filtro aplicado: 7/200 siguen como candidatos.
Criba búsqueda seria: 3/7 coinciden en el mismo título/archivo.
Descartados antes de verificar por no coincidir: 4

Comprobando token Real-Debrid...
Token Real-Debrid OK: exmelenas

Consultando Real-Debrid cache/instantáneo...

Aviso: Real-Debrid tiene desactivada instantAvailability.
Paso serio: verifico de verdad con addMagnet los 3 mejores candidatos.
  Verificando 1/3: [Anime-Keep]_Whistle_-_01-20
  Verificando 3/3: Michael Nesmith Presents The Wichita Train Whistle Sings - 1968 LP Monkees
  Verificando 2/3: Whistle! (Digital) (XRA-Empire)

Resumen RD: NO_INSTANT=3
Resultados válidos para JDownloader/RD: 0/3
Lista extra qBittorrent vivos reales: 0

========================================================================
 TOP LIMPIO
========================================================================
No hay resultados limpios.
Resultados guardados para el Editor: 0
Real-Debrid temporal limpio: 0 id(s) revisado(s).

RESULTADOS LISTOS. Escribe abajo 1, 1,3, A, T o S y pulsa Enviar.
