
--- ARRANQUE MOTOR BTDIGG RD ---
BTDigg + RD - opción 1 limpia
Búsqueda: The Devil Wears Prada 2
Páginas: 1-1
Modo: 0


Navegador automático página 1 (1/1):
  https://en.btdig.com/search?q=The%20Devil%20Wears%20Prada%202&p=0
  Rescate DOM: 10 magnets encontrados

Rescate calidad BTDigg: The Devil Wears Prada 2 2160p (paginas 1)

Navegador automático página 1 (1/1):
  https://en.btdig.com/search?q=The%20Devil%20Wears%20Prada%202%202160p&p=0
  Rescate DOM: 10 magnets encontrados

Encontrados 18 resultados brutos. Filtrando...

Aspiradora terminada: 18 resultados únicos encontrados.
Modo sin filtro: no descarto por idioma/calidad, pero SÍ ordeno por calidad.
Criba búsqueda seria: 18/18 coinciden en el mismo título/archivo.

Comprobando token Real-Debrid...
Token Real-Debrid OK: exmelenas

Consultando Real-Debrid cache/instantáneo...

Aviso: Real-Debrid tiene desactivada instantAvailability.
Paso serio: verifico de verdad con addMagnet los 18 mejores candidatos.
  Verificando 1/18: The.Devil.Wears.Prada.2.2026.2160p.WEB-DL.DV.HDR10 .MULTi.FRE.ITA.LAT.RUS.H265.MP4-BEN.THE.MEN
  Verificando 10/18: Ďábel.nosí.Pradu.2.The.Devil.Wears.Prada.2.(2026)[WebRip][1080p].=.CSFD.64%
  Verificando 12/18: The.Devil.Wears.Prada.2.2026.1080p.WEBRip.x264.AAC5.1-[YTS.GG - YTS.BZ]
  Verificando 4/18: The.Devil.Wears.Prada.2.2026.2160p.HDR10Plus.DV.WEBRip.6CH.x265.HEVC-PSA
  RD OK 15/18: The Devil Wears Prada 2 - [2026].mp4
  Verificando 2/18: The.Devil.Wears.Prada.2.2026.1080p.WEBRip.10Bit.DDP5.1.x265.Multi.mkv

Cancelado por el usuario. Limpieza terminada.
