
--- ARRANQUE MOTOR BTDIGG RD ---
BTDigg + RD - opción 1 limpia
Búsqueda: Whistle
Páginas: 1-5
Modo: 1


Navegador automático página 1 (1/5):
  https://en.btdig.com/search?q=whistle&p=0
  BTDigg Chrome TLS: 10 magnets encontrados

Navegador automático página 2 (2/5):
  https://en.btdig.com/search?q=whistle&p=1
  BTDigg Chrome TLS: 10 magnets encontrados

Navegador automático página 3 (3/5):
  https://en.btdig.com/search?q=whistle&p=2
  BTDigg Chrome TLS: 10 magnets encontrados

Navegador automático página 4 (4/5):
  https://en.btdig.com/search?q=whistle&p=3
  BTDigg Chrome TLS: 10 magnets encontrados

Navegador automático página 5 (5/5):
  https://en.btdig.com/search?q=whistle&p=4
  BTDigg Chrome TLS: 10 magnets encontrados

Rescate calidad BTDigg: Whistle 2160p (paginas 1)

Navegador automático página 1 (1/1):
  https://en.btdig.com/search?q=whistle%202160p&p=0
  BTDigg Chrome TLS: 10 magnets encontrados

Encontrados 60 resultados brutos. Filtrando...

Aspiradora terminada: 60 resultados únicos encontrados.
Filtro aplicado: 10/60 siguen como candidatos.
Criba búsqueda seria: 10/10 coinciden en el mismo título/archivo.

Comprobando token Real-Debrid...
Token Real-Debrid OK: exmelenas

Consultando Real-Debrid cache/instantáneo...

Aviso: Real-Debrid tiene desactivada instantAvailability.
Paso serio: verifico de verdad con addMagnet los 10 mejores candidatos.
  Verificando 1/10: 索命哨.Whistle.2025.UHD.Blu-ray.2160p.HDR10.HEVC.DTS-HD.MA.5.1-sh@CHDBits
  RD OK 10/10: Whistle (2025) [2160p] [4K] [WEB] [5.1] [YTS.BZ]
  Verificando 2/10: 【高清影视之家发布 www.BBEGGE.com】索命哨[简繁英字幕].Whistle.2025.2160p.Bluray.REMUX.HDR10.HEVC.DTS-HDMA5.1-DreamHD
  RD OK 3/10: 【高清影视之家发布 www.BBEGGE.com】索命哨[简繁英字幕].Whistle.2025.Bluray.2160p.DTS-HDMA5.1.x265.10bit-DreamHD
  Verificando 9/10: KarupsHA.18.04.23.Jane.Wilde.Blowing.Coachs.Whistle.XXX.2160p.MP4-KTR[rarbg]
  Verificando 7/10: Whistle.2025.2160p.AMZN.WEB-DL.DDP5.1.H.265-BYNDR[PianYuan]
  RD OK 6/10: Whistle.2025.UHD.WEB.DL.HEVC.2160p.4K.HDR.10 E-AC3
  Verificando 5/10: [XTORRENTY.ORG] Whistle.2025.MULTi.2160p.UHD.AMZN.WEB-DL.SDR.H.265.DD5.1-RX
  Verificando 8/10: Whistle 2025 WEB-DL 2160p SDR HEVC DDP 5.1 x265
  Verificando 4/10: 【高清影视之家发布 www.BBEBBB.com】索命哨[简繁英字幕].Whistle.2025.2160p.UHD.BluRay.x265.10bit.HDR.DTS-HD.MA.5.1-Quick

Resumen RD: NO_INSTANT=4 | RD_FAIL=3 | RD_OK=3
Resultados válidos para JDownloader/RD: 3/10
Lista extra qBittorrent vivos reales: 0

========================================================================
 TOP LIMPIO
========================================================================
[01] RD:OK           SCORE:  43 SIZE:  24.5 GB  【高清影视之家发布 www.BBEGGE.com】索命哨[简繁英字幕].Whistle.2025.Bluray.2160p.DTS-HDMA5.1.x265.10bit-DreamHD
[02] RD:OK           SCORE:  38 SIZE:  10.9 GB  Whistle.2025.UHD.WEB.DL.HEVC.2160p.4K.HDR.10 E-AC3
[03] RD:OK           SCORE:  36 SIZE:   4.5 GB  Whistle (2025) [2160p] [4K] [WEB] [5.1] [YTS.BZ]
========================================================================
Elige: 1 | 1,4,7 | A=todos los válidos RD | T=todos mostrados RD/qBit | S=salir
Resultados guardados para el Editor: 3
Real-Debrid temporal limpio: 3 id(s) revisado(s).

RESULTADOS LISTOS. Escribe abajo 1, 1,3, A, T o S y pulsa Enviar.
