
--- ARRANQUE MOTOR BTDIGG RD ---
BTDigg + RD - opción 1 limpia
Búsqueda: Mr Holiday
Páginas: 1-5
Modo: 0
GB mínimo: 5


Navegador automático página 1 (1/5):
  https://en.btdig.com/search?q=mr%20holiday&p=0
  BTDigg Chrome TLS: 10 magnets encontrados

Navegador automático página 2 (2/5):
  https://en.btdig.com/search?q=mr%20holiday&p=1
  BTDigg Chrome TLS: 10 magnets encontrados

Navegador automático página 3 (3/5):
  https://en.btdig.com/search?q=mr%20holiday&p=2
  BTDigg Chrome TLS: 10 magnets encontrados

Navegador automático página 4 (4/5):
  https://en.btdig.com/search?q=mr%20holiday&p=3
  BTDigg Chrome TLS: 10 magnets encontrados

Navegador automático página 5 (5/5):
  https://en.btdig.com/search?q=mr%20holiday&p=4
  BTDigg Chrome TLS: 10 magnets encontrados

Encontrados 50 resultados brutos. Filtrando...

Aspiradora terminada: 50 resultados únicos encontrados.
Modo sin filtro: no descarto por idioma/calidad y no ordeno por calidad/tamano; solo penalizo basura.
Criba búsqueda seria: 18/50 coinciden en el mismo título/archivo.
Rescate RD pendiente por titulo/pack dudoso: 9
Descartados antes de verificar por no coincidir: 23
Filtro tamano calidad: 7/18 siguen con >= ~5 GB (acepto desde 4.0 GB).

Comprobando token Real-Debrid...
Token Real-Debrid OK: exmelenas

Consultando Real-Debrid cache/instantáneo...

Aviso: Real-Debrid tiene desactivada instantAvailability.
Paso serio: verifico de verdad con addMagnet los 7 mejores candidatos.
  Verificando 3/7: Mr. Beans.Holiday.2007.READ.NFO.720p.BluRay.DTS.x264.HuN-TRiNiTY
  Verificando 1/7: Mr.Beans.Holiday.2007.iNTERNAL.MULTi.COMPLETE.BLURAY-GERUDO
  Verificando 7/7: 07.09.11.Mr.Beans.Holiday.2007.HD DVD.REMUX.VC1.1080P.DD51.DDPLUS.F@Silu
  Verificando 4/7: Mr. Beans.Holiday.2007.READ.NFO.720p.BluRay.DTS.x264.HuN-TRiNiTY
  Verificando 6/7: [ 不太灵公益影视站 www.butailing.com ]憨豆的黄金周[简繁英字幕]. Mr .Bean's. Holiday .2007.Bluray.1080p.x265.10bit.2Audi
  Verificando 2/7: Mr.Hulots.Holiday.1953.DC.PROPER.1080p.BluRay.x264-SADPANDA
  Verificando 5/7: Mr. Bean s Holiday 2007 CEE 1080p Bluray AVC DTS-HD MA 5.1 DVDSEED

Resumen RD: NO_INSTANT=5 | RD_FAIL=2
Filtro tamano calidad: 2/9 siguen con >= ~5 GB (acepto desde 4.0 GB).

Rescate RD: verifico 2 candidatos dudosos fuertes.

Comprobando token Real-Debrid...
Token Real-Debrid OK: exmelenas

Consultando Real-Debrid cache/instantáneo...

Aviso: Real-Debrid tiene instantAvailability desactivado; uso addMagnet directo.
Paso serio: verifico de verdad con addMagnet los 2 mejores candidatos.
  Verificando 1/2: Mr. Bean
  Verificando 2/2: Mr. Bean

Resumen RD: NO_INSTANT=2

qBit: probando 7 candidatos extra (5 a la vez, 35s máximo).
qBit progreso: 2/7 comprobados | vivos 0
qBit progreso: 4/7 comprobados | vivos 0
qBit progreso: 6/7 comprobados | vivos 0
qBit progreso: 7/7 comprobados | vivos 0
Resultados válidos para JDownloader/RD: 0/9
Lista extra qBittorrent vivos reales: 0

========================================================================
 TOP LIMPIO
========================================================================
No hay resultados limpios.
Resultados guardados para el Editor: 0
Real-Debrid temporal limpio: 0 id(s) revisado(s).

RESULTADOS LISTOS. Escribe abajo 1, 1,3, A, T o S y pulsa Enviar.
