
--- ARRANQUE MOTOR BTDIGG RD ---
BTDigg + RD - opción 1 limpia
Búsqueda: Torrente presidente
Páginas: 1
Modo: 0


Navegador automático página 1 (1/1):
  https://en.btdig.com/search?q=torrente%20presidente&p=0
  BTDigg Chrome TLS: 10 magnets encontrados

Encontrados 10 resultados brutos. Filtrando...

Aspiradora terminada: 10 resultados únicos encontrados.
Modo sin filtro: no descarto por idioma/calidad y no ordeno por calidad/tamano; solo penalizo basura.
Criba búsqueda seria: 10/10 coinciden en el mismo título/archivo.

Comprobando token Real-Debrid...
Token Real-Debrid OK: exmelenas

Consultando Real-Debrid cache/instantáneo...

Aviso: Real-Debrid tiene desactivada instantAvailability.
Paso serio: verifico de verdad con addMagnet los 10 mejores candidatos.
  Verificando 1/10: www.UIndex.org    -    Torrente Presidente (2026) 1080p WEBRip x265 10bit 5.1-WORLD
  Verificando 3/10: www.UIndex.org    -    Torrente Presidente (2026) 720p WEBRip-WORLD
  RD OK 9/10: Torrente Presidente (DonTorrent)
  Verificando 7/10: Torrente Presidente (2026) [720p] [WEBRip] [YTS.GG - YTS.BZ]
  RD OK 10/10: Torrente presidente (2026) [Bluray][Esp]
  Verificando 6/10: Torrente Presidente (2026) [1080p] [WEBRip] [5.1] [YTS.GG - YTS.BZ]
  Verificando 5/10: www.UIndex.org    -    Torrente Presidente 2026 1080p NF WEB-DL DDP5 1 x264-SPWEB
  Verificando 2/10: www.UIndex.org    -    Torrente Presidente (2026) 1080p WEBRip 5.1-WORLD
  Verificando 4/10: www.UIndex.org    -    Torrente Presidente 2026 1080p DUAL WEB-DL HEVC x265 5 1-BONE
  Verificando 8/10: Torrente Presidente (2026) [1080p] [WEBRip] [x265] [10bit] [5.1] [YTS.GG - YTS.BZ]

Resumen RD: RD_FAIL=8 | RD_OK=2
Resultados válidos para JDownloader/RD: 2/10
Lista extra qBittorrent vivos reales: 0

========================================================================
 TOP LIMPIO
========================================================================
[01] RD:OK           SCORE:   0 SIZE:   0.0 GB  Torrente Presidente (DonTorrent)
[02] RD:OK           SCORE:   0 SIZE:   1.2 GB  Torrente presidente (2026) [Bluray][Esp]
========================================================================
Elige: 1 | 1,4,7 | A=todos los válidos RD | T=todos mostrados RD/qBit | S=salir
Resultados guardados para el Editor: 2
Real-Debrid temporal limpio: 2 id(s) revisado(s).

RESULTADOS LISTOS. Escribe abajo 1, 1,3, A, T o S y pulsa Enviar.
