
--- ARRANQUE MOTOR BTDIGG RD ---
BTDigg + RD - opción 1 limpia
Búsqueda: Pillion
Páginas: 1
Modo: 0


Navegador automático página 1 (1/1):
  https://en.btdig.com/search?q=pillion&p=0
  BTDigg Chrome TLS: 10 magnets encontrados

Encontrados 10 resultados brutos. Filtrando...

Aspiradora terminada: 10 resultados únicos encontrados.
Modo sin filtro: no descarto por idioma/calidad y no ordeno por calidad/tamano; solo penalizo basura.
Criba búsqueda seria: 9/10 coinciden en el mismo título/archivo.
Rescate RD pendiente por titulo/pack dudoso: 1

Comprobando token Real-Debrid...
Token Real-Debrid OK: exmelenas

Consultando Real-Debrid cache/instantáneo...

Aviso: Real-Debrid tiene desactivada instantAvailability.
Paso serio: verifico de verdad con addMagnet los 9 mejores candidatos.
  Verificando 1/9: Pillion.2025.1080p.BluRay.H264-RiSEHD [TorrentSurf.to]
  Verificando 4/9: www.UIndex.org    -    Pillion 2025 1080p 10bit WEBRip 6CH X265 HEVC-PSA
  Verificando 3/9: Pillion.2025.Webrip.Hin.Dub.1Xbet
  Verificando 5/9: Pillion.2025.1080p.BluRay.x264-TRB
  Verificando 9/9: Pillion (2025) AMZN WEB-DL 1080p x265 EAC3 DDP 5.1-InChY
  Verificando 7/9: www.UIndex.org    -    Pillion (2025) 1080p WEBRip 5.1-LAMA
  Verificando 2/9: Pillion.2025.WEBRip.BEN.DUB.1XBET
  Verificando 8/9: www.UIndex.org    -    Pillion (2025) 720p WEBRip-LAMA
  Verificando 6/9: www.UIndex.org    -    Pillion 2025 1080p WEB EN-RGB

Resumen RD: NO_INSTANT=1 | RD_FAIL=8

Rescate RD: verifico 1 candidatos dudosos fuertes.

Comprobando token Real-Debrid...
Token Real-Debrid OK: exmelenas

Consultando Real-Debrid cache/instantáneo...

Aviso: Real-Debrid tiene instantAvailability desactivado; uso addMagnet directo.
Paso serio: verifico de verdad con addMagnet los 1 mejores candidatos.
  Verificando 1/1: videos Epic CBR1000RR VS BMW M6! Pillion view!.wmv

Resumen RD: NO_INSTANT=1
Resultados válidos para JDownloader/RD: 0/10
Lista extra qBittorrent vivos reales: 0

========================================================================
 TOP LIMPIO
========================================================================
No hay resultados limpios.
Resultados guardados para el Editor: 0
Real-Debrid temporal limpio: 0 id(s) revisado(s).

RESULTADOS LISTOS. Escribe abajo 1, 1,3, A, T o S y pulsa Enviar.
