
--- ARRANQUE MOTOR BTDIGG RD ---
BTDigg + RD - opción 1 limpia
Búsqueda: El Pasajero Nocturno
Páginas: 1-4
Modo: 0


Navegador automático página 1 (1/4):
  https://en.btdig.com/search?q=el%20pasajero%20nocturno&p=0

Navegador automático página 2 (2/4):
  https://en.btdig.com/search?q=el%20pasajero%20nocturno&p=1
  Corto: dos páginas seguidas sin magnets.

Encontrados 0 resultados brutos. Filtrando...

Aspiradora terminada: 0 resultados únicos encontrados.
Modo sin filtro: no descarto por idioma/calidad y no ordeno por calidad/tamano; solo penalizo basura.
Criba búsqueda seria: 0/0 coinciden en el mismo título/archivo.
Resultados válidos para JDownloader/RD: 0/0
Lista extra qBittorrent vivos reales: 0

========================================================================
 TOP LIMPIO
========================================================================
No hay resultados limpios.
Resultados guardados para el Editor: 0
Real-Debrid temporal limpio: 0 id(s) revisado(s).

RESULTADOS LISTOS. Escribe abajo 1, 1,3, A, T o S y pulsa Enviar.
