
--- ARRANQUE MOTOR BTDIGG RD ---
BTDigg + RD - opción 1 limpia
Búsqueda: John Wick 2014
Páginas: 1
Modo: 0


Navegador automático página 1 (1/1):
  https://en.btdig.com/search?q=john%20wick%202014&p=0
  BTDigg Chrome TLS: 10 magnets encontrados

Encontrados 10 resultados brutos. Filtrando...

Aspiradora terminada: 10 resultados únicos encontrados.
Modo sin filtro: no descarto por idioma/calidad y no ordeno por calidad/tamano; solo penalizo basura.
Criba búsqueda seria: 10/10 coinciden en el mismo título/archivo.

Comprobando token Real-Debrid...
Token Real-Debrid OK: exmelenas

Consultando Real-Debrid cache/instantáneo...

Aviso: Real-Debrid tiene desactivada instantAvailability.
Paso serio: verifico de verdad con addMagnet los 10 mejores candidatos.
  Verificando 1/10: John.Wick.2014.RERIP.720p.BluRay.x264-SPARKS
  Verificando 6/10: John.Wick.2014.RERIP.BDRip.x264-SPARKS
  Verificando 8/10: John Wick 2014 BluRay 720p DTS x264-MgB [ETRG].mkv
  Verificando 2/10: John.Wick.2014.720p.BluRay.x264-SPARKS
  Verificando 3/10: John.Wick.2014.MULTi.1080p.BluRay.x264-LOST
  Verificando 4/10: John.Wick.2014.1080p.BluRay.x264-SPARKS

Cancelado por el usuario. Limpieza terminada.
