
--- ARRANQUE MOTOR BTDIGG RD ---
BTDigg + RD - opción 1 limpia
Búsqueda: Atrapado en el tiempo
Páginas: 1-3
Modo: 0


Navegador automático página 1 (1/3):
  https://en.btdig.com/search?q=atrapado%20en%20el%20tiempo&p=0
  Rescate DOM falló: Command '['/usr/bin/chromium', '--headless=new', '--no-sandbox', '--disable-dev-shm-usage', '--disable-gpu', '--window-size=1600,1200', '--user-agent=Mozilla/5.0 (Windows NT 10.0; Win64; x64) AppleWebKit/537.36 (KHTML, like Gecko) Chrome/124 Safari/537.36', '--dump-dom', 'https://en.btdig.com/search?q=atrapado%20en%20el%20tiempo&p=0']' timed out after 45 seconds

Navegador automático página 2 (2/3):
  https://en.btdig.com/search?q=atrapado%20en%20el%20tiempo&p=1
  Rescate DOM falló: Command '['/usr/bin/chromium', '--headless=new', '--no-sandbox', '--disable-dev-shm-usage', '--disable-gpu', '--window-size=1600,1200', '--user-agent=Mozilla/5.0 (Windows NT 10.0; Win64; x64) AppleWebKit/537.36 (KHTML, like Gecko) Chrome/124 Safari/537.36', '--dump-dom', 'https://en.btdig.com/search?q=atrapado%20en%20el%20tiempo&p=1']' timed out after 45 seconds
  Corto: dos páginas seguidas sin magnets.

Encontrados 0 resultados brutos. Filtrando...

Aspiradora terminada: 0 resultados únicos encontrados.
Modo sin filtro: no descarto por idioma/calidad y no ordeno por calidad/tamano; solo penalizo basura.
Criba búsqueda seria: 0/0 coinciden en el mismo título/archivo.
Resultados válidos para JDownloader/RD: 0/0
Lista extra qBittorrent vivos reales: 0

========================================================================
 TOP LIMPIO
========================================================================
No hay resultados limpios.
Resultados guardados para el Editor: 0
Real-Debrid temporal limpio: 0 id(s) revisado(s).

RESULTADOS LISTOS. Escribe abajo 1, 1,3, A, T o S y pulsa Enviar.
