
--- ARRANQUE MOTOR BTDIGG RD ---
BTDigg + RD - opción 1 limpia
Búsqueda: Max Payne
Páginas: 1-30
Modo: 3


Navegador automático página 1 (1/30):
  https://en.btdig.com/search?q=max%20payne&p=0
  BTDigg Chrome TLS: 10 magnets encontrados

Navegador automático página 2 (2/30):
  https://en.btdig.com/search?q=max%20payne&p=1
  BTDigg Chrome TLS: 10 magnets encontrados

Navegador automático página 3 (3/30):
  https://en.btdig.com/search?q=max%20payne&p=2
  BTDigg Chrome TLS: 10 magnets encontrados

Navegador automático página 4 (4/30):
  https://en.btdig.com/search?q=max%20payne&p=3
  BTDigg Chrome TLS: 10 magnets encontrados

Navegador automático página 5 (5/30):
  https://en.btdig.com/search?q=max%20payne&p=4
  BTDigg Chrome TLS: 10 magnets encontrados

Navegador automático página 6 (6/30):
  https://en.btdig.com/search?q=max%20payne&p=5
  BTDigg Chrome TLS: 10 magnets encontrados

Navegador automático página 7 (7/30):
  https://en.btdig.com/search?q=max%20payne&p=6
  BTDigg Chrome TLS: 10 magnets encontrados

Navegador automático página 8 (8/30):
  https://en.btdig.com/search?q=max%20payne&p=7
  BTDigg Chrome TLS: 10 magnets encontrados

Navegador automático página 9 (9/30):
  https://en.btdig.com/search?q=max%20payne&p=8
  BTDigg Chrome TLS: 10 magnets encontrados

Navegador automático página 10 (10/30):
  https://en.btdig.com/search?q=max%20payne&p=9
  BTDigg Chrome TLS: 10 magnets encontrados

Navegador automático página 11 (11/30):
  https://en.btdig.com/search?q=max%20payne&p=10
  BTDigg Chrome TLS: 10 magnets encontrados

Navegador automático página 12 (12/30):
  https://en.btdig.com/search?q=max%20payne&p=11
  BTDigg Chrome TLS: 10 magnets encontrados

Navegador automático página 13 (13/30):
  https://en.btdig.com/search?q=max%20payne&p=12
  BTDigg Chrome TLS: 10 magnets encontrados

Navegador automático página 14 (14/30):
  https://en.btdig.com/search?q=max%20payne&p=13
  BTDigg Chrome TLS: 10 magnets encontrados

Navegador automático página 15 (15/30):
  https://en.btdig.com/search?q=max%20payne&p=14
  BTDigg Chrome TLS: 10 magnets encontrados

Navegador automático página 16 (16/30):
  https://en.btdig.com/search?q=max%20payne&p=15
  BTDigg Chrome TLS: 10 magnets encontrados

Navegador automático página 17 (17/30):
  https://en.btdig.com/search?q=max%20payne&p=16
  BTDigg Chrome TLS: 10 magnets encontrados

Navegador automático página 18 (18/30):
  https://en.btdig.com/search?q=max%20payne&p=17
  BTDigg Chrome TLS: 10 magnets encontrados

Navegador automático página 19 (19/30):
  https://en.btdig.com/search?q=max%20payne&p=18
  BTDigg Chrome TLS: 10 magnets encontrados

Navegador automático página 20 (20/30):
  https://en.btdig.com/search?q=max%20payne&p=19
  BTDigg Chrome TLS: 10 magnets encontrados

Navegador automático página 21 (21/30):
  https://en.btdig.com/search?q=max%20payne&p=20
  BTDigg Chrome TLS: 10 magnets encontrados

Navegador automático página 22 (22/30):
  https://en.btdig.com/search?q=max%20payne&p=21
  BTDigg Chrome TLS: 10 magnets encontrados

Navegador automático página 23 (23/30):
  https://en.btdig.com/search?q=max%20payne&p=22
  BTDigg Chrome TLS: 10 magnets encontrados

Navegador automático página 24 (24/30):
  https://en.btdig.com/search?q=max%20payne&p=23
  BTDigg Chrome TLS: 10 magnets encontrados

Navegador automático página 25 (25/30):
  https://en.btdig.com/search?q=max%20payne&p=24
  BTDigg Chrome TLS: 10 magnets encontrados

Navegador automático página 26 (26/30):
  https://en.btdig.com/search?q=max%20payne&p=25
  BTDigg Chrome TLS: 10 magnets encontrados

Navegador automático página 27 (27/30):
  https://en.btdig.com/search?q=max%20payne&p=26
  BTDigg Chrome TLS: 10 magnets encontrados

Navegador automático página 28 (28/30):
  https://en.btdig.com/search?q=max%20payne&p=27
  BTDigg Chrome TLS: 10 magnets encontrados

Navegador automático página 29 (29/30):
  https://en.btdig.com/search?q=max%20payne&p=28
  BTDigg Chrome TLS: 10 magnets encontrados

Navegador automático página 30 (30/30):
  https://en.btdig.com/search?q=max%20payne&p=29
  BTDigg Chrome TLS: 10 magnets encontrados

Encontrados 300 resultados brutos. Filtrando...

Aspiradora terminada: 300 resultados únicos encontrados.
Filtro aplicado: 12/300 siguen como candidatos.
Criba búsqueda seria: 11/12 coinciden en el mismo título/archivo.
Rescate RD pendiente por titulo/pack dudoso: 1

Comprobando token Real-Debrid...
Token Real-Debrid OK: exmelenas

Consultando Real-Debrid cache/instantáneo...

Aviso: Real-Debrid tiene desactivada instantAvailability.
Paso serio: verifico de verdad con addMagnet los 11 mejores candidatos.
  Verificando 1/11: max-payne-3-pc
  Verificando 11/11: max-payne-original-video-game-soundtrack
  Verificando 6/11: Max Payne
  Verificando 5/11: Max Payne ( 2 in 1 )
  Verificando 7/11: Max Payne 2 The Fall Of Max Payne Multilanguage English and Spanish
  Verificando 9/11: Max Payne 2 [Spanish][PCCD][Newpct.com]
  Verificando 3/11: Max.Payne.3.Repack-BlackBox-Gamersky
  Verificando 10/11: max-payne-official-strategy-guide
  Verificando 8/11: Max Payne 2 [Spanish][PCCD][Newpct.com]
  Verificando 2/11: Max Payne 3 C Edition RELOAD Multi 6 DVD5 MTMRepackPC
  Verificando 4/11: [XBOX360E]Max Payne 2 The Fall Of Max Payne

Resumen RD: NO_INSTANT=7 | PACK_SIN_COINCIDENCIA=4

Rescate RD: verifico 1 candidatos dudosos fuertes.

Comprobando token Real-Debrid...
Token Real-Debrid OK: exmelenas

Consultando Real-Debrid cache/instantáneo...

Aviso: Real-Debrid tiene instantAvailability desactivado; uso addMagnet directo.
Paso serio: verifico de verdad con addMagnet los 1 mejores candidatos.
  Verificando 1/1: MaxPayne3BradygamesStrategyGuide

Resumen RD: NO_INSTANT=1

qBit: probando 11 candidatos extra (5 a la vez, 35s máximo).
qBit progreso: 2/11 comprobados | vivos 0
qBit progreso: 4/11 comprobados | vivos 0
qBit progreso: 6/11 comprobados | vivos 0
qBit progreso: 8/11 comprobados | vivos 0
qBit progreso: 10/11 comprobados | vivos 0
qBit progreso: 11/11 comprobados | vivos 0
Resultados válidos para JDownloader/RD: 0/12
Lista extra qBittorrent vivos reales: 0

========================================================================
 TOP LIMPIO
========================================================================
No hay resultados limpios.
Resultados guardados para el Editor: 0
Real-Debrid temporal limpio: 0 id(s) revisado(s).

RESULTADOS LISTOS. Escribe abajo 1, 1,3, A, T o S y pulsa Enviar.
