
--- ARRANQUE MOTOR BTDIGG RD ---
BTDigg + RD - opción 1 limpia
Búsqueda: Whistle El silbido del mal
Páginas: 1-10
Modo: 1


Navegador automático página 1 (1/10):
  https://en.btdig.com/search?q=whistle%20el%20silbido%20del%20mal&p=0
  BTDigg Chrome TLS: 6 magnets encontrados

Navegador automático página 2 (2/10):
  https://en.btdig.com/search?q=whistle%20el%20silbido%20del%20mal&p=1
  BTDigg Chrome TLS: 6 magnets encontrados

Navegador automático página 3 (3/10):
  https://en.btdig.com/search?q=whistle%20el%20silbido%20del%20mal&p=2
  BTDigg Chrome TLS: 6 magnets encontrados

Navegador automático página 4 (4/10):
  https://en.btdig.com/search?q=whistle%20el%20silbido%20del%20mal&p=3
  BTDigg Chrome TLS: 6 magnets encontrados

Navegador automático página 5 (5/10):
  https://en.btdig.com/search?q=whistle%20el%20silbido%20del%20mal&p=4
  BTDigg Chrome TLS: 6 magnets encontrados

Navegador automático página 6 (6/10):
  https://en.btdig.com/search?q=whistle%20el%20silbido%20del%20mal&p=5
  BTDigg Chrome TLS: 6 magnets encontrados

Navegador automático página 7 (7/10):
  https://en.btdig.com/search?q=whistle%20el%20silbido%20del%20mal&p=6
  BTDigg Chrome TLS: 6 magnets encontrados

Navegador automático página 8 (8/10):
  https://en.btdig.com/search?q=whistle%20el%20silbido%20del%20mal&p=7
  BTDigg Chrome TLS: 6 magnets encontrados

Navegador automático página 9 (9/10):
  https://en.btdig.com/search?q=whistle%20el%20silbido%20del%20mal&p=8
  BTDigg Chrome TLS: 6 magnets encontrados

Navegador automático página 10 (10/10):
  https://en.btdig.com/search?q=whistle%20el%20silbido%20del%20mal&p=9
  BTDigg Chrome TLS: 6 magnets encontrados

Rescate calidad BTDigg: Whistle El silbido del mal 2160p (paginas 1)

Navegador automático página 1 (1/1):
  https://en.btdig.com/search?q=whistle%20el%20silbido%20del%20mal%202160p&p=0
  BTDigg Chrome TLS: 10 magnets encontrados

Encontrados 14 resultados brutos. Filtrando...

Aspiradora terminada: 14 resultados únicos encontrados.
Filtro aplicado: 0/14 siguen como candidatos.
Criba búsqueda seria: 0/0 coinciden en el mismo título/archivo.
Resultados válidos para JDownloader/RD: 0/0
Lista extra qBittorrent vivos reales: 0

========================================================================
 TOP LIMPIO
========================================================================
No hay resultados limpios.
Resultados guardados para el Editor: 0
Real-Debrid temporal limpio: 0 id(s) revisado(s).

RESULTADOS LISTOS. Escribe abajo 1, 1,3, A, T o S y pulsa Enviar.
