
--- ARRANQUE MOTOR BTDIGG RD ---
BTDigg + RD - opción 1 limpia
Búsqueda: cenicienta
Páginas: 1-2
Modo: 0


Navegador automático página 1 (1/2):
  https://en.btdig.com/search?q=cenicienta&p=0
  BTDigg Chrome TLS: 10 magnets encontrados

Navegador automático página 2 (2/2):
  https://en.btdig.com/search?q=cenicienta&p=1
  BTDigg Chrome TLS: 10 magnets encontrados

Encontrados 20 resultados brutos. Filtrando...

Aspiradora terminada: 20 resultados únicos encontrados.
Modo sin filtro: no descarto por idioma/calidad y no ordeno por calidad/tamano; solo penalizo basura.
Criba búsqueda seria: 15/20 coinciden en el mismo título/archivo.
Descartados antes de verificar por no coincidir: 5

Comprobando token Real-Debrid...
Token Real-Debrid OK: exmelenas

Consultando Real-Debrid cache/instantáneo...

Aviso: Real-Debrid tiene desactivada instantAvailability.
Paso serio: verifico de verdad con addMagnet los 15 mejores candidatos.
  Verificando 1/15: 1950-la-cenicienta-cinderella-doblaje-original-edmundo-santos
  Verificando 3/15: La Cenicienta 2 La magia no termina a medianoche (2002) [BluRay 720p X264 MKV][AC3 5.1 Castellano][w
  Verificando 4/15: la-cenicienta_doblaje
  Verificando 12/15: 32810069-la-otra-cenicienta-1977-peli-completa-espanol
  Verificando 9/15: Una Cenicienta moderna salto a la fama (2021) [BluRay 720p X264 MKV][AC3 5.1 Castellano][www.maxitor
  Verificando 10/15: Una Cenicienta moderna (2019) [BluRay 720p X264 MKV][AC3 5.1 Castellano][www.maxitorrent.com]
  Verificando 7/15: Chenoa_Absurda_Cenicienta
  Verificando 6/15: Cenicienta (2015) [BluRay 720p X264 MKV][AC3 5.1 Castellano][PctReload1.com]
  Verificando 8/15: Cenicienta. (2015).(HDrip.XviD.Ac3.Esp).By Malaguita
  Verificando 5/15: la-cenicienta_doblaje
  Verificando 13/15: Cenicienta (1950) [BluRay 720p X264 MKV][AC3 5.1 Castellano][www.PCTRELOAD.COM]
  Verificando 14/15: La Cenicienta.2015.DVDRip.Español.Disney.Pelicula
  Verificando 15/15: La.Cenicienta.[www.TodoCVCD.com][biri]
  Verificando 2/15: VA - BSO Cenicienta (2015) [FLAC]
  Verificando 11/15: Cenicienta (Cinderella) (2021) [BluRay Rip][AC3 5.1 Castellano][www.maxitorrent.com]

Resumen RD: NO_INSTANT=8 | PACK_SIN_COINCIDENCIA=6 | RD_FAIL=1

qBit: probando 15 candidatos extra (5 a la vez, 35s máximo).

Cancelado por el usuario. Limpieza terminada.
