
--- ARRANQUE MOTOR BTDIGG RD ---
BTDigg + RD - opción 1 limpia
Búsqueda: Enola Holmes 3
Páginas: 1-5
Modo: 0


Navegador automático página 1 (1/5):
  https://en.btdig.com/search?q=enola%20holmes%203&p=0
  Rescate DOM: 10 magnets encontrados

Navegador automático página 2 (2/5):
  https://en.btdig.com/search?q=enola%20holmes%203&p=1
  Rescate DOM: 10 magnets encontrados

Navegador automático página 3 (3/5):
  https://en.btdig.com/search?q=enola%20holmes%203&p=2
  Rescate DOM: 10 magnets encontrados

Navegador automático página 4 (4/5):
  https://en.btdig.com/search?q=enola%20holmes%203&p=3
  Rescate DOM: 10 magnets encontrados

Navegador automático página 5 (5/5):
  https://en.btdig.com/search?q=enola%20holmes%203&p=4
  Rescate DOM: 10 magnets encontrados

Encontrados 50 resultados brutos. Filtrando...

Aspiradora terminada: 50 resultados únicos encontrados.
Modo sin filtro: no descarto por idioma/calidad y no ordeno por calidad/tamano; solo penalizo basura.
Criba búsqueda seria: 49/50 coinciden en el mismo título/archivo.
Descartados antes de verificar por no coincidir: 1

Comprobando token Real-Debrid...
Token Real-Debrid OK: exmelenas

Consultando Real-Debrid cache/instantáneo...

Aviso: Real-Debrid tiene desactivada instantAvailability.
Paso serio: verifico de verdad con addMagnet los 49 mejores candidatos.
  Verificando 1/49: www.UIndex.org    -    Enola.Holmes.3.2026.MULTI.1080p.WEB.x264-LOST
  Verificando 19/49: Enola Holmes 3 (2026) [4k 2160p][Esp]
  Verificando 10/49: www.UIndex.org    -    Enola Holmes 3 2026 1080p NF WEB-DL DDP5 1 Atmos H 264-FLUX
  Verificando 9/49: www.UIndex.org    -    Enola Holmes 3 2026 1080p NF WEB-DL DDP5 1 Atmos H 264-TURG
  Verificando 11/49: www.UIndex.org    -    Enola Holmes 3 2026 1080p NF MULTi WEB-DL RoDubbed DDP 5 1Atmos H264-SPWEB
  Verificando 32/49: Enola.Holmes.3.2026.1080p.WEB-DL.x264.DUAL.5.1
  Verificando 22/49: Enola.Holmes.3.2026.1080p.NF.WEB-DL.DDP.5.1.H.264-C0P
  Verificando 40/49: Enola Holmes 3 2026 WEB-DL 1080p x264 DUAL 5.1
  Verificando 15/49: Enola Holmes 3 (2026) [720p] [WEBRip] [YTS.GG - YTS.BZ]
  Verificando 31/49: Enola.Holmes.3.2026.1080p.10bit.WEBRip.6CH.x265.HEVC-PSA
  Verificando 28/49: Enola.Holmes.3.2026.PLDUB.720p.WEB-DL.XviD.DD5.1-K83
  Verificando 25/49: Enola.Holmes.3.2026.2160p.NF.WEB-DL.DV.HDR.DDP5.1.Atmos.H265.MP4-BEN.THE.MEN
  Verificando 29/49: Enola.Holmes.3.2026.1080p.WEB-DL.x264.DUAL.5.1
  Verificando 45/49: Enola.Holmes.3.2026.Multi.Ad.720P. WEBRIP.mkv
  Verificando 36/49: Enola Holmes 3 BDrip XviD Castellano
  Verificando 8/49: www.UIndex.org    -    Enola Holmes 3 2026 720p NF WEB-DL DDP5 1 Atmos H 264-FLUX
  Verificando 33/49: Enola.Holmes.3.2026.1080p.WEB.h264-TRB
  Verificando 5/49: Enola.Holmes.3.(2026)[DUAL ESP-ENG][HDR10 HEVC][Bluray 1080p]-Mang0z4
  Verificando 4/49: www.UIndex.org    -    Enola.Holmes.3.2026.1080p.WEB.h264-ETHEL
  Verificando 37/49: Enola Holmes 3 BDrip XviD Castellano
  Verificando 42/49: 【高清影视之家发布 www.BBQDDQ.com】福尔摩斯小姐3[简繁英字幕].Enola.Holmes.3.2026.2160p.NF.WEB-DL.DDP.5.1.Atmos.H.265-Drea
  Verificando 20/49: Enola Holmes 3 (2026) [Bluray 720p][Esp]
  Verificando 39/49: Enola Holmes 3 Ingles-Castellano Subt-Cast.Forz-Comp-CC H264 E-AC3 5.1 BDrip hd 1080p
  Verificando 17/49: Enola.Holmes.3.2026.PLDUB.720p.WEB-DL.XviD.DD5.1-K83
  Verificando 18/49: Enola Holmes 3 (2026) [Bluray][Esp]
  Verificando 6/49: www.UIndex.org    -    Enola Holmes 3 2026 1080p 10bit WEBRip 6CH x265 HEVC-PSA
  Verificando 49/49: Enola.Holmes.3.2026.Multi.Ad.WEBRIP.mp4
  Verificando 44/49: Enola Holmes 3 2026 1080p WEB h264-ETHEL.mkv
  Verificando 3/49: www.UIndex.org    -    Enola Holmes 3 2026 1080p NF WEB-DL-Ben The Men
  Verificando 16/49: Enola Holmes 3 (2026) [1080p] [WEBRip] [5.1] [YTS.GG - YTS.BZ]
  Verificando 14/49: www.UIndex.org    -    Enola Holmes 3 (2026) 720p WEBRip-LAMA
  Verificando 23/49: Enola Holmes 3 [2026] Dual YG
  Verificando 13/49: www.UIndex.org    -    Enola Holmes 3 (2026) 1080p WEBRip 5.1-LAMA
  Verificando 34/49: Enola.Holmes.3.2026.WEB-DL.1080p-Dual-Lat
  Verificando 26/49: Enola.Holmes.3.2026.WEB-DL.1080p.x264.DUAL.5.1-STARCKFILMES
  Verificando 46/49: Enola.Holmes.3.2026.Pa.WEB-DLRip.avi
  Verificando 48/49: Enola.Holmes.3.2026.x264.WEB-DLRip-New-Team.mkv
  Verificando 12/49: www.UIndex.org    -    Enola Holmes 3 2026 1080p NF WEB-DL DDP5 1 Atmos H 264-Kitsune
  Verificando 35/49: Enola.Holmes.3.2026.720p.10bit.WEBRip.6CH.x265.HEVC-PSA
  Verificando 24/49: Enola.Holmes.3.2026.MULTi.1080p.NF.WEB-DL.H264.DDP5.1.Atmos-K83
  Verificando 30/49: [DEVIL-TORRENTS.PL] Enola.Holmes.3.2026.MULTi.2160p.NF.WEB-DL.HDR.H265.DDP5.1.Atmos-K83
  Verificando 2/49: www.UIndex.org    -    Enola Holmes 3 2026 1080p WEBRip 10Bit DDP5 1 x265-NeoNoir
  Verificando 38/49: Enola.Holmes.3.2026.1080p.NF.WEB-DL.DDP5.1.Atmos.H264.MP4-BEN.THE.MEN
  Verificando 43/49: 【高清影视之家发布 www.BBQDDQ.com】福尔摩斯小姐3[杜比视界版本][简繁英字幕].Enola.Holmes.3.2026.2160p.NF.WEB-DL.DDP.5.1.Atmos.DV
  Verificando 21/49: Enola.Holmes.3.2026.WEB-DL.1080p.X264
  Verificando 27/49: Enola.Holmes.3.2026.1080p-Dual-Lat
  Verificando 41/49: 【高清影视之家发布 www.BBQDDQ.com】福尔摩斯小姐3[简繁英字幕].Enola.Holmes.3.2026.1080p.NF.WEB-DL.DDP.5.1.Atmos.H.264-Drea
  Verificando 7/49: Enola.Holmes.3.2026.2160p.NF.WEB-DL.DDP5.1.Atmos.DV.HDR.H.265-BYNDR
  Verificando 47/49: Enola Holmes 3 2026 1080p WEB x265-RMTeam.mkv

Resumen RD: PACK_SIN_COINCIDENCIA=7 | RD_FAIL=42
Resultados válidos para JDownloader/RD: 0/49
Lista extra qBittorrent vivos reales: 0

========================================================================
 TOP LIMPIO
========================================================================
No hay resultados limpios.
Resultados guardados para el Editor: 0
Real-Debrid temporal limpio: 0 id(s) revisado(s).

RESULTADOS LISTOS. Escribe abajo 1, 1,3, A, T o S y pulsa Enviar.
