
--- ARRANQUE MOTOR BTDIGG RD ---
BTDigg + RD - opción 1 limpia
Búsqueda: Enola Holmes 3
Páginas: 1-5
Modo: 1


Navegador automático página 1 (1/5):
  https://en.btdig.com/search?q=enola%20holmes%203&p=0
  Rescate DOM: 10 magnets encontrados

Navegador automático página 2 (2/5):
  https://en.btdig.com/search?q=enola%20holmes%203&p=1
  Rescate DOM: 10 magnets encontrados

Navegador automático página 3 (3/5):
  https://en.btdig.com/search?q=enola%20holmes%203&p=2
  Rescate DOM: 10 magnets encontrados

Navegador automático página 4 (4/5):
  https://en.btdig.com/search?q=enola%20holmes%203&p=3
  Rescate DOM: 10 magnets encontrados

Navegador automático página 5 (5/5):
  https://en.btdig.com/search?q=enola%20holmes%203&p=4
  Rescate DOM: 10 magnets encontrados

Rescate calidad BTDigg: Enola Holmes 3 2160p (paginas 1)

Navegador automático página 1 (1/1):
  https://en.btdig.com/search?q=enola%20holmes%203%202160p&p=0
  Rescate DOM: 10 magnets encontrados

Encontrados 55 resultados brutos. Filtrando...

Aspiradora terminada: 55 resultados únicos encontrados.
Filtro aplicado: 10/55 siguen como candidatos.
Criba búsqueda seria: 10/10 coinciden en el mismo título/archivo.

Comprobando token Real-Debrid...
Token Real-Debrid OK: exmelenas

Consultando Real-Debrid cache/instantáneo...

Aviso: Real-Debrid tiene desactivada instantAvailability.
Paso serio: verifico de verdad con addMagnet los 10 mejores candidatos.
  Verificando 1/10: Enola.Holmes.3.2026.MULTi.VF2.HDR.DV.2160p.WEB.H265-SUPPLY.mkv
  Verificando 6/10: [DEVIL-TORRENTS.PL] Enola.Holmes.3.2026.MULTi.2160p.NF.WEB-DL.HDR.H265.DDP5.1.Atmos-K83
  Verificando 4/10: Enola.Holmes.3.2026.2160p.NF.WEB-DL.DV.HDR.DDP5.1.Atmos.H265.MP4-BEN.THE.MEN
  Verificando 2/10: Enola.Holmes.3.2026.MULTi.VF2.HDR.2160p.WEB.H265-FW.mkv
  Verificando 9/10: Enola.Holmes.3.2026.x265.WEB-DL.2160p.HDR-DV.mkv
  Verificando 10/10: Enola.Holmes.3.2026.HDR.2160p.WEB.h265-ETHEL.mkv
  Verificando 8/10: Enola.Holmes.3.2026.2160p.NF.WEB-DL.DDP5.1.Atmos.DV.HDR.H.265-BYNDR
  Verificando 5/10: Enola.Holmes.3.2026.2160p.NF.WEB-DL.DDP5.1.Atmos.DV.HDR.H.265-KHN.mkv
  Verificando 7/10: 【高清影视之家发布 www.BBQDDQ.com】福尔摩斯小姐3[杜比视界版本][简繁英字幕].Enola.Holmes.3.2026.2160p.NF.WEB-DL.DDP.5.1.Atmos.DV
  Verificando 3/10: Enola Holmes 3 (2026) [4k 2160p][Esp]

Resumen RD: PACK_SIN_COINCIDENCIA=4 | RD_FAIL=6
Resultados válidos para JDownloader/RD: 0/10
Lista extra qBittorrent vivos reales: 0

========================================================================
 TOP LIMPIO
========================================================================
No hay resultados limpios.
Resultados guardados para el Editor: 0
Real-Debrid temporal limpio: 0 id(s) revisado(s).

RESULTADOS LISTOS. Escribe abajo 1, 1,3, A, T o S y pulsa Enviar.
